Início do log de download: 2025-10-05 09:14:13

[ERRO] Falha ao baixar: https://sags.cacaopg.com/siteadmin/skin/lobby_asset/common/common/_sprite/icon_btm_cz.avif (HTTP 403)
[ERRO] Falha ao baixar: https://sags.cacaopg.com/siteadmin/skin/lobby_asset/common/common/_sprite/icon_btm_sy.avif (HTTP 403)
[ERRO] Falha ao baixar: https://sags.cacaopg.com/siteadmin/skin/lobby_asset/common/common/_sprite/icon_btm_sy1.avif (HTTP 403)
[ERRO] Falha ao baixar: https://sags.cacaopg.com/siteadmin/skin/lobby_asset/common/common/_sprite/icon_btm_tg.avif (HTTP 403)
[ERRO] Falha ao baixar: https://sags.cacaopg.com/siteadmin/skin/lobby_asset/common/common/_sprite/icon_btm_wd.avif (HTTP 403)
[ERRO] Falha ao baixar: https://sags.cacaopg.com/siteadmin/skin/lobby_asset/common/common/_sprite/icon_btm_wd1.avif (HTTP 403)
[ERRO] Falha ao baixar: https://sags.cacaopg.com/siteadmin/skin/lobby_asset/common/common/_sprite/icon_btm_yh.avif (HTTP 403)
[ERRO] Falha ao baixar: https://sags.cacaopg.com/siteadmin/skin/lobby_asset/common/common/_sprite/icon_btm_yh1.avif (HTTP 403)
[ERRO] Falha ao baixar: https://sags.cacaopg.com/siteadmin/skin/lobby_asset/common/common/_sprite/icon_btm_zc.avif (HTTP 403)
[ERRO] Falha ao baixar: https://sags.cacaopg.com/siteadmin/skin/lobby_asset/common/common/_sprite/icon_dt_1gg.avif (HTTP 403)
[ERRO] Falha ao baixar: https://sags.cacaopg.com/siteadmin/skin/lobby_asset/common/common/_sprite/icon_dt_1xx_wd.avif (HTTP 403)
[ERRO] Falha ao baixar: https://sags.cacaopg.com/siteadmin/skin/lobby_asset/common/common/_sprite/icon_dt_1xx.avif (HTTP 403)
[ERRO] Falha ao baixar: https://sags.cacaopg.com/siteadmin/skin/lobby_asset/common/common/common/bg_pattern_tile.avif (HTTP 403)
[ERRO] Falha ao baixar: https://sags.cacaopg.com/siteadmin/skin/lobby_asset/common/web/common/btn_zc1_1.avif (HTTP 403)
[ERRO] Falha ao baixar: https://sags.cacaopg.com/siteadmin/skin/lobby_asset/common/web/common/btn_zc1_1.webp (HTTP 403)
[ERRO] Falha ao baixar: https://sags.cacaopg.com/siteadmin/skin/lobby_asset/common/web/common/btn_zc1_2.avif (HTTP 403)
[ERRO] Falha ao baixar: https://sags.cacaopg.com/siteadmin/skin/lobby_asset/common/web/common/btn_zc1_2.png (HTTP 403)
[ERRO] Falha ao baixar: https://sags.cacaopg.com/siteadmin/skin/lobby_asset/common/web/common/btn_zc2_1.avif (HTTP 403)
[ERRO] Falha ao baixar: https://sags.cacaopg.com/siteadmin/skin/lobby_asset/common/web/common/btn_zc2_2.avif (HTTP 403)
[ERRO] Falha ao baixar: https://sags.cacaopg.com/siteadmin/skin/lobby_asset/common/web/home/icon_dt_pmd.avif (HTTP 403)
Início do log de download: 2025-10-05 18:18:47

[OK] Baixado: https://gadsgads.saxpgapp.com/siteadmin/skin/lobby_asset/2-1-12/common/_sprite/icon_btm_cz.avif
[OK] Baixado: https://gadsgads.saxpgapp.com/siteadmin/skin/lobby_asset/2-1-12/common/_sprite/icon_btm_sy.avif
[OK] Baixado: https://gadsgads.saxpgapp.com/siteadmin/skin/lobby_asset/2-1-12/common/_sprite/icon_btm_sy1.avif
[OK] Baixado: https://gadsgads.saxpgapp.com/siteadmin/skin/lobby_asset/2-1-12/common/_sprite/icon_btm_tg.avif
[OK] Baixado: https://gadsgads.saxpgapp.com/siteadmin/skin/lobby_asset/2-1-12/common/_sprite/icon_btm_wd.avif
[OK] Baixado: https://gadsgads.saxpgapp.com/siteadmin/skin/lobby_asset/2-1-12/common/_sprite/icon_btm_wd1.avif
[OK] Baixado: https://gadsgads.saxpgapp.com/siteadmin/skin/lobby_asset/2-1-12/common/_sprite/icon_btm_yh.avif
[OK] Baixado: https://gadsgads.saxpgapp.com/siteadmin/skin/lobby_asset/2-1-12/common/_sprite/icon_btm_yh1.avif
[OK] Baixado: https://gadsgads.saxpgapp.com/siteadmin/skin/lobby_asset/2-1-12/common/_sprite/icon_btm_zc.avif
[OK] Baixado: https://gadsgads.saxpgapp.com/siteadmin/skin/lobby_asset/2-1-12/common/_sprite/icon_dt_1gg.avif
[OK] Baixado: https://gadsgads.saxpgapp.com/siteadmin/skin/lobby_asset/2-1-12/common/_sprite/icon_dt_1xx_wd.avif
[OK] Baixado: https://gadsgads.saxpgapp.com/siteadmin/skin/lobby_asset/2-1-12/common/_sprite/icon_dt_1xx.avif
[OK] Baixado: https://gadsgads.saxpgapp.com/siteadmin/skin/lobby_asset/2-1-12/common/common/bg_pattern_tile.avif
[OK] Baixado: https://gadsgads.saxpgapp.com/siteadmin/skin/lobby_asset/2-1-12/web/common/btn_zc1_1.avif
[OK] Baixado: https://gadsgads.saxpgapp.com/siteadmin/skin/lobby_asset/2-1-12/web/common/btn_zc1_1.webp
[OK] Baixado: https://gadsgads.saxpgapp.com/siteadmin/skin/lobby_asset/2-1-12/web/common/btn_zc1_2.avif
[OK] Baixado: https://gadsgads.saxpgapp.com/siteadmin/skin/lobby_asset/2-1-12/web/common/btn_zc1_2.png
[OK] Baixado: https://gadsgads.saxpgapp.com/siteadmin/skin/lobby_asset/2-1-12/web/common/btn_zc2_1.avif
[OK] Baixado: https://gadsgads.saxpgapp.com/siteadmin/skin/lobby_asset/2-1-12/web/common/btn_zc2_2.avif
[OK] Baixado: https://gadsgads.saxpgapp.com/siteadmin/skin/lobby_asset/2-1-12/web/home/icon_dt_pmd.avif
Início do log de download: 2025-10-06 15:48:55

[ERRO] Falha ao baixar: https://sags.cacaopg.com/siteadmin/skin/lobby_asset/common/common/_sprite/icon_btm_cz.avif (HTTP 403)
[ERRO] Falha ao baixar: https://sags.cacaopg.com/siteadmin/skin/lobby_asset/common/common/_sprite/icon_btm_sy.avif (HTTP 403)
[ERRO] Falha ao baixar: https://sags.cacaopg.com/siteadmin/skin/lobby_asset/common/common/_sprite/icon_btm_sy1.avif (HTTP 403)
[ERRO] Falha ao baixar: https://sags.cacaopg.com/siteadmin/skin/lobby_asset/common/common/_sprite/icon_btm_tg.avif (HTTP 403)
[ERRO] Falha ao baixar: https://sags.cacaopg.com/siteadmin/skin/lobby_asset/common/common/_sprite/icon_btm_wd.avif (HTTP 403)
[ERRO] Falha ao baixar: https://sags.cacaopg.com/siteadmin/skin/lobby_asset/common/common/_sprite/icon_btm_wd1.avif (HTTP 403)
[ERRO] Falha ao baixar: https://sags.cacaopg.com/siteadmin/skin/lobby_asset/common/common/_sprite/icon_btm_yh.avif (HTTP 403)
[ERRO] Falha ao baixar: https://sags.cacaopg.com/siteadmin/skin/lobby_asset/common/common/_sprite/icon_btm_yh1.avif (HTTP 403)
[ERRO] Falha ao baixar: https://sags.cacaopg.com/siteadmin/skin/lobby_asset/common/common/_sprite/icon_btm_zc.avif (HTTP 403)
[ERRO] Falha ao baixar: https://sags.cacaopg.com/siteadmin/skin/lobby_asset/common/common/_sprite/icon_dt_1gg.avif (HTTP 403)
[ERRO] Falha ao baixar: https://sags.cacaopg.com/siteadmin/skin/lobby_asset/common/common/_sprite/icon_dt_1xx_wd.avif (HTTP 403)
[ERRO] Falha ao baixar: https://sags.cacaopg.com/siteadmin/skin/lobby_asset/common/common/_sprite/icon_dt_1xx.avif (HTTP 403)
[ERRO] Falha ao baixar: https://sags.cacaopg.com/siteadmin/skin/lobby_asset/common/common/common/bg_pattern_tile.avif (HTTP 403)
[ERRO] Falha ao baixar: https://sags.cacaopg.com/siteadmin/skin/lobby_asset/common/web/common/btn_zc1_1.avif (HTTP 403)
[ERRO] Falha ao baixar: https://sags.cacaopg.com/siteadmin/skin/lobby_asset/common/web/common/btn_zc1_1.webp (HTTP 403)
[ERRO] Falha ao baixar: https://sags.cacaopg.com/siteadmin/skin/lobby_asset/common/web/common/btn_zc1_2.avif (HTTP 403)
[ERRO] Falha ao baixar: https://sags.cacaopg.com/siteadmin/skin/lobby_asset/common/web/common/btn_zc1_2.png (HTTP 403)
[ERRO] Falha ao baixar: https://sags.cacaopg.com/siteadmin/skin/lobby_asset/common/web/common/btn_zc2_1.avif (HTTP 403)
[ERRO] Falha ao baixar: https://sags.cacaopg.com/siteadmin/skin/lobby_asset/common/web/common/btn_zc2_2.avif (HTTP 403)
[ERRO] Falha ao baixar: https://sags.cacaopg.com/siteadmin/skin/lobby_asset/common/web/home/icon_dt_pmd.avif (HTTP 403)
Início do log de download: 2025-10-10 10:20:07

[ERRO] Falha ao baixar: https://dgsdag.lionspgpay.com/siteadmin/skin/lobby_asset/common/common/_sprite/icon_btm_cz.avif (HTTP 403)
[ERRO] Falha ao baixar: https://dgsdag.lionspgpay.com/siteadmin/skin/lobby_asset/common/common/_sprite/icon_btm_sy.avif (HTTP 403)
[ERRO] Falha ao baixar: https://dgsdag.lionspgpay.com/siteadmin/skin/lobby_asset/common/common/_sprite/icon_btm_sy1.avif (HTTP 403)
[ERRO] Falha ao baixar: https://dgsdag.lionspgpay.com/siteadmin/skin/lobby_asset/common/common/_sprite/icon_btm_tg.avif (HTTP 403)
[ERRO] Falha ao baixar: https://dgsdag.lionspgpay.com/siteadmin/skin/lobby_asset/common/common/_sprite/icon_btm_wd.avif (HTTP 403)
[ERRO] Falha ao baixar: https://dgsdag.lionspgpay.com/siteadmin/skin/lobby_asset/common/common/_sprite/icon_btm_wd1.avif (HTTP 403)
[ERRO] Falha ao baixar: https://dgsdag.lionspgpay.com/siteadmin/skin/lobby_asset/common/common/_sprite/icon_btm_yh.avif (HTTP 403)
[ERRO] Falha ao baixar: https://dgsdag.lionspgpay.com/siteadmin/skin/lobby_asset/common/common/_sprite/icon_btm_yh1.avif (HTTP 403)
[ERRO] Falha ao baixar: https://dgsdag.lionspgpay.com/siteadmin/skin/lobby_asset/common/common/_sprite/icon_btm_zc.avif (HTTP 403)
[ERRO] Falha ao baixar: https://dgsdag.lionspgpay.com/siteadmin/skin/lobby_asset/common/common/_sprite/icon_dt_1gg.avif (HTTP 403)
[ERRO] Falha ao baixar: https://dgsdag.lionspgpay.com/siteadmin/skin/lobby_asset/common/common/_sprite/icon_dt_1xx_wd.avif (HTTP 403)
[ERRO] Falha ao baixar: https://dgsdag.lionspgpay.com/siteadmin/skin/lobby_asset/common/common/_sprite/icon_dt_1xx.avif (HTTP 403)
[ERRO] Falha ao baixar: https://dgsdag.lionspgpay.com/siteadmin/skin/lobby_asset/common/common/common/bg_pattern_tile.avif (HTTP 403)
[ERRO] Falha ao baixar: https://dgsdag.lionspgpay.com/siteadmin/skin/lobby_asset/common/web/common/btn_zc1_1.avif (HTTP 403)
[ERRO] Falha ao baixar: https://dgsdag.lionspgpay.com/siteadmin/skin/lobby_asset/common/web/common/btn_zc1_1.webp (HTTP 403)
[ERRO] Falha ao baixar: https://dgsdag.lionspgpay.com/siteadmin/skin/lobby_asset/common/web/common/btn_zc1_2.avif (HTTP 403)
[ERRO] Falha ao baixar: https://dgsdag.lionspgpay.com/siteadmin/skin/lobby_asset/common/web/common/btn_zc1_2.png (HTTP 403)
[ERRO] Falha ao baixar: https://dgsdag.lionspgpay.com/siteadmin/skin/lobby_asset/common/web/common/btn_zc2_1.avif (HTTP 403)
[ERRO] Falha ao baixar: https://dgsdag.lionspgpay.com/siteadmin/skin/lobby_asset/common/web/common/btn_zc2_2.avif (HTTP 403)
[ERRO] Falha ao baixar: https://dgsdag.lionspgpay.com/siteadmin/skin/lobby_asset/common/web/home/icon_dt_pmd.avif (HTTP 403)
Início do log de download: 2025-10-15 10:55:33

[OK] Baixado: https://ozap888.888paz.cc/siteadmin/skin/lobby_asset/2-1-4/common/_sprite/icon_btm_cz.avif
[OK] Baixado: https://ozap888.888paz.cc/siteadmin/skin/lobby_asset/2-1-4/common/_sprite/icon_btm_sy.avif
[OK] Baixado: https://ozap888.888paz.cc/siteadmin/skin/lobby_asset/2-1-4/common/_sprite/icon_btm_sy1.avif
[OK] Baixado: https://ozap888.888paz.cc/siteadmin/skin/lobby_asset/2-1-4/common/_sprite/icon_btm_tg.avif
[OK] Baixado: https://ozap888.888paz.cc/siteadmin/skin/lobby_asset/2-1-4/common/_sprite/icon_btm_wd.avif
[OK] Baixado: https://ozap888.888paz.cc/siteadmin/skin/lobby_asset/2-1-4/common/_sprite/icon_btm_wd1.avif
[OK] Baixado: https://ozap888.888paz.cc/siteadmin/skin/lobby_asset/2-1-4/common/_sprite/icon_btm_yh.avif
[OK] Baixado: https://ozap888.888paz.cc/siteadmin/skin/lobby_asset/2-1-4/common/_sprite/icon_btm_yh1.avif
[OK] Baixado: https://ozap888.888paz.cc/siteadmin/skin/lobby_asset/2-1-4/common/_sprite/icon_btm_zc.avif
[OK] Baixado: https://ozap888.888paz.cc/siteadmin/skin/lobby_asset/2-1-4/common/_sprite/icon_dt_1gg.avif
[OK] Baixado: https://ozap888.888paz.cc/siteadmin/skin/lobby_asset/2-1-4/common/_sprite/icon_dt_1xx_wd.avif
[OK] Baixado: https://ozap888.888paz.cc/siteadmin/skin/lobby_asset/2-1-4/common/_sprite/icon_dt_1xx.avif
[OK] Baixado: https://ozap888.888paz.cc/siteadmin/skin/lobby_asset/2-1-4/common/common/bg_pattern_tile.avif
[OK] Baixado: https://ozap888.888paz.cc/siteadmin/skin/lobby_asset/2-1-4/web/common/btn_zc1_1.avif
[OK] Baixado: https://ozap888.888paz.cc/siteadmin/skin/lobby_asset/2-1-4/web/common/btn_zc1_1.webp
[OK] Baixado: https://ozap888.888paz.cc/siteadmin/skin/lobby_asset/2-1-4/web/common/btn_zc1_2.avif
[OK] Baixado: https://ozap888.888paz.cc/siteadmin/skin/lobby_asset/2-1-4/web/common/btn_zc1_2.png
[OK] Baixado: https://ozap888.888paz.cc/siteadmin/skin/lobby_asset/2-1-4/web/common/btn_zc2_1.avif
[OK] Baixado: https://ozap888.888paz.cc/siteadmin/skin/lobby_asset/2-1-4/web/common/btn_zc2_2.avif
[OK] Baixado: https://ozap888.888paz.cc/siteadmin/skin/lobby_asset/2-1-4/web/home/icon_dt_pmd.avif
Início do log de download: 2025-10-18 16:44:00

[ERRO] Falha ao baixar: https://sags.cacaopg.com/siteadmin/skin/lobby_asset/common/common/_sprite/icon_btm_cz.avif (HTTP 403)
[ERRO] Falha ao baixar: https://sags.cacaopg.com/siteadmin/skin/lobby_asset/common/common/_sprite/icon_btm_sy.avif (HTTP 403)
[ERRO] Falha ao baixar: https://sags.cacaopg.com/siteadmin/skin/lobby_asset/common/common/_sprite/icon_btm_sy1.avif (HTTP 403)
[ERRO] Falha ao baixar: https://sags.cacaopg.com/siteadmin/skin/lobby_asset/common/common/_sprite/icon_btm_tg.avif (HTTP 403)
[ERRO] Falha ao baixar: https://sags.cacaopg.com/siteadmin/skin/lobby_asset/common/common/_sprite/icon_btm_wd.avif (HTTP 403)
[ERRO] Falha ao baixar: https://sags.cacaopg.com/siteadmin/skin/lobby_asset/common/common/_sprite/icon_btm_wd1.avif (HTTP 403)
[ERRO] Falha ao baixar: https://sags.cacaopg.com/siteadmin/skin/lobby_asset/common/common/_sprite/icon_btm_yh.avif (HTTP 403)
[ERRO] Falha ao baixar: https://sags.cacaopg.com/siteadmin/skin/lobby_asset/common/common/_sprite/icon_btm_yh1.avif (HTTP 403)
[ERRO] Falha ao baixar: https://sags.cacaopg.com/siteadmin/skin/lobby_asset/common/common/_sprite/icon_btm_zc.avif (HTTP 403)
[ERRO] Falha ao baixar: https://sags.cacaopg.com/siteadmin/skin/lobby_asset/common/common/_sprite/icon_dt_1gg.avif (HTTP 403)
[ERRO] Falha ao baixar: https://sags.cacaopg.com/siteadmin/skin/lobby_asset/common/common/_sprite/icon_dt_1xx_wd.avif (HTTP 403)
[ERRO] Falha ao baixar: https://sags.cacaopg.com/siteadmin/skin/lobby_asset/common/common/_sprite/icon_dt_1xx.avif (HTTP 403)
[ERRO] Falha ao baixar: https://sags.cacaopg.com/siteadmin/skin/lobby_asset/common/common/common/bg_pattern_tile.avif (HTTP 403)
[ERRO] Falha ao baixar: https://sags.cacaopg.com/siteadmin/skin/lobby_asset/common/web/common/btn_zc1_1.avif (HTTP 403)
[ERRO] Falha ao baixar: https://sags.cacaopg.com/siteadmin/skin/lobby_asset/common/web/common/btn_zc1_1.webp (HTTP 403)
[ERRO] Falha ao baixar: https://sags.cacaopg.com/siteadmin/skin/lobby_asset/common/web/common/btn_zc1_2.avif (HTTP 403)
[ERRO] Falha ao baixar: https://sags.cacaopg.com/siteadmin/skin/lobby_asset/common/web/common/btn_zc1_2.png (HTTP 403)
[ERRO] Falha ao baixar: https://sags.cacaopg.com/siteadmin/skin/lobby_asset/common/web/common/btn_zc2_1.avif (HTTP 403)
[ERRO] Falha ao baixar: https://sags.cacaopg.com/siteadmin/skin/lobby_asset/common/web/common/btn_zc2_2.avif (HTTP 403)
[ERRO] Falha ao baixar: https://sags.cacaopg.com/siteadmin/skin/lobby_asset/common/web/home/icon_dt_pmd.avif (HTTP 403)
Início do log de download: 2025-10-20 02:32:00

[ERRO] Falha ao baixar: https://dfsh.w1-filletpg.com/siteadmin/skin/lobby_asset/2-1-20/common/common/_sprite/icon_btm_cz.avif (HTTP 403)
[ERRO] Falha ao baixar: https://dfsh.w1-filletpg.com/siteadmin/skin/lobby_asset/2-1-20/common/common/_sprite/icon_btm_sy.avif (HTTP 403)
[ERRO] Falha ao baixar: https://dfsh.w1-filletpg.com/siteadmin/skin/lobby_asset/2-1-20/common/common/_sprite/icon_btm_sy1.avif (HTTP 403)
[ERRO] Falha ao baixar: https://dfsh.w1-filletpg.com/siteadmin/skin/lobby_asset/2-1-20/common/common/_sprite/icon_btm_tg.avif (HTTP 403)
[ERRO] Falha ao baixar: https://dfsh.w1-filletpg.com/siteadmin/skin/lobby_asset/2-1-20/common/common/_sprite/icon_btm_wd.avif (HTTP 403)
[ERRO] Falha ao baixar: https://dfsh.w1-filletpg.com/siteadmin/skin/lobby_asset/2-1-20/common/common/_sprite/icon_btm_wd1.avif (HTTP 403)
[ERRO] Falha ao baixar: https://dfsh.w1-filletpg.com/siteadmin/skin/lobby_asset/2-1-20/common/common/_sprite/icon_btm_yh.avif (HTTP 403)
[ERRO] Falha ao baixar: https://dfsh.w1-filletpg.com/siteadmin/skin/lobby_asset/2-1-20/common/common/_sprite/icon_btm_yh1.avif (HTTP 403)
[ERRO] Falha ao baixar: https://dfsh.w1-filletpg.com/siteadmin/skin/lobby_asset/2-1-20/common/common/_sprite/icon_btm_zc.avif (HTTP 403)
[ERRO] Falha ao baixar: https://dfsh.w1-filletpg.com/siteadmin/skin/lobby_asset/2-1-20/common/common/_sprite/icon_dt_1gg.avif (HTTP 403)
[ERRO] Falha ao baixar: https://dfsh.w1-filletpg.com/siteadmin/skin/lobby_asset/2-1-20/common/common/_sprite/icon_dt_1xx_wd.avif (HTTP 403)
[ERRO] Falha ao baixar: https://dfsh.w1-filletpg.com/siteadmin/skin/lobby_asset/2-1-20/common/common/_sprite/icon_dt_1xx.avif (HTTP 403)
[ERRO] Falha ao baixar: https://dfsh.w1-filletpg.com/siteadmin/skin/lobby_asset/2-1-20/common/common/common/bg_pattern_tile.avif (HTTP 403)
[ERRO] Falha ao baixar: https://dfsh.w1-filletpg.com/siteadmin/skin/lobby_asset/2-1-20/common/web/common/btn_zc1_1.avif (HTTP 403)
[ERRO] Falha ao baixar: https://dfsh.w1-filletpg.com/siteadmin/skin/lobby_asset/2-1-20/common/web/common/btn_zc1_1.webp (HTTP 403)
[ERRO] Falha ao baixar: https://dfsh.w1-filletpg.com/siteadmin/skin/lobby_asset/2-1-20/common/web/common/btn_zc1_2.avif (HTTP 403)
[ERRO] Falha ao baixar: https://dfsh.w1-filletpg.com/siteadmin/skin/lobby_asset/2-1-20/common/web/common/btn_zc1_2.png (HTTP 403)
[ERRO] Falha ao baixar: https://dfsh.w1-filletpg.com/siteadmin/skin/lobby_asset/2-1-20/common/web/common/btn_zc2_1.avif (HTTP 403)
[ERRO] Falha ao baixar: https://dfsh.w1-filletpg.com/siteadmin/skin/lobby_asset/2-1-20/common/web/common/btn_zc2_2.avif (HTTP 403)
[ERRO] Falha ao baixar: https://dfsh.w1-filletpg.com/siteadmin/skin/lobby_asset/2-1-20/common/web/home/icon_dt_pmd.avif (HTTP 403)
Início do log de download: 2025-10-20 02:34:22

[ERRO] Falha ao baixar: https://o777alaf.fala777.org/siteadmin/skin/lobby_asset/9-0-1/common/common/_sprite/icon_btm_cz.avif (HTTP 403)
[ERRO] Falha ao baixar: https://o777alaf.fala777.org/siteadmin/skin/lobby_asset/9-0-1/common/common/_sprite/icon_btm_sy.avif (HTTP 403)
[ERRO] Falha ao baixar: https://o777alaf.fala777.org/siteadmin/skin/lobby_asset/9-0-1/common/common/_sprite/icon_btm_sy1.avif (HTTP 403)
[ERRO] Falha ao baixar: https://o777alaf.fala777.org/siteadmin/skin/lobby_asset/9-0-1/common/common/_sprite/icon_btm_tg.avif (HTTP 403)
[ERRO] Falha ao baixar: https://o777alaf.fala777.org/siteadmin/skin/lobby_asset/9-0-1/common/common/_sprite/icon_btm_wd.avif (HTTP 403)
[ERRO] Falha ao baixar: https://o777alaf.fala777.org/siteadmin/skin/lobby_asset/9-0-1/common/common/_sprite/icon_btm_wd1.avif (HTTP 403)
[ERRO] Falha ao baixar: https://o777alaf.fala777.org/siteadmin/skin/lobby_asset/9-0-1/common/common/_sprite/icon_btm_yh.avif (HTTP 403)
[ERRO] Falha ao baixar: https://o777alaf.fala777.org/siteadmin/skin/lobby_asset/9-0-1/common/common/_sprite/icon_btm_yh1.avif (HTTP 403)
[ERRO] Falha ao baixar: https://o777alaf.fala777.org/siteadmin/skin/lobby_asset/9-0-1/common/common/_sprite/icon_btm_zc.avif (HTTP 403)
[ERRO] Falha ao baixar: https://o777alaf.fala777.org/siteadmin/skin/lobby_asset/9-0-1/common/common/_sprite/icon_dt_1gg.avif (HTTP 403)
[ERRO] Falha ao baixar: https://o777alaf.fala777.org/siteadmin/skin/lobby_asset/9-0-1/common/common/_sprite/icon_dt_1xx_wd.avif (HTTP 403)
[ERRO] Falha ao baixar: https://o777alaf.fala777.org/siteadmin/skin/lobby_asset/9-0-1/common/common/_sprite/icon_dt_1xx.avif (HTTP 403)
[ERRO] Falha ao baixar: https://o777alaf.fala777.org/siteadmin/skin/lobby_asset/9-0-1/common/common/common/bg_pattern_tile.avif (HTTP 403)
[ERRO] Falha ao baixar: https://o777alaf.fala777.org/siteadmin/skin/lobby_asset/9-0-1/common/web/common/btn_zc1_1.avif (HTTP 403)
[ERRO] Falha ao baixar: https://o777alaf.fala777.org/siteadmin/skin/lobby_asset/9-0-1/common/web/common/btn_zc1_1.webp (HTTP 403)
[ERRO] Falha ao baixar: https://o777alaf.fala777.org/siteadmin/skin/lobby_asset/9-0-1/common/web/common/btn_zc1_2.avif (HTTP 403)
[ERRO] Falha ao baixar: https://o777alaf.fala777.org/siteadmin/skin/lobby_asset/9-0-1/common/web/common/btn_zc1_2.png (HTTP 403)
[ERRO] Falha ao baixar: https://o777alaf.fala777.org/siteadmin/skin/lobby_asset/9-0-1/common/web/common/btn_zc2_1.avif (HTTP 403)
[ERRO] Falha ao baixar: https://o777alaf.fala777.org/siteadmin/skin/lobby_asset/9-0-1/common/web/common/btn_zc2_2.avif (HTTP 403)
[ERRO] Falha ao baixar: https://o777alaf.fala777.org/siteadmin/skin/lobby_asset/9-0-1/common/web/home/icon_dt_pmd.avif (HTTP 403)
Início do log de download: 2025-10-20 03:04:36

[OK] Baixado: https://ozap888.888paz.cc/siteadmin/skin/lobby_asset/2-1-4/common/_sprite/icon_btm_cz.avif
[OK] Baixado: https://ozap888.888paz.cc/siteadmin/skin/lobby_asset/2-1-4/common/_sprite/icon_btm_sy.avif
[OK] Baixado: https://ozap888.888paz.cc/siteadmin/skin/lobby_asset/2-1-4/common/_sprite/icon_btm_sy1.avif
[OK] Baixado: https://ozap888.888paz.cc/siteadmin/skin/lobby_asset/2-1-4/common/_sprite/icon_btm_tg.avif
[OK] Baixado: https://ozap888.888paz.cc/siteadmin/skin/lobby_asset/2-1-4/common/_sprite/icon_btm_wd.avif
[OK] Baixado: https://ozap888.888paz.cc/siteadmin/skin/lobby_asset/2-1-4/common/_sprite/icon_btm_wd1.avif
[OK] Baixado: https://ozap888.888paz.cc/siteadmin/skin/lobby_asset/2-1-4/common/_sprite/icon_btm_yh.avif
[OK] Baixado: https://ozap888.888paz.cc/siteadmin/skin/lobby_asset/2-1-4/common/_sprite/icon_btm_yh1.avif
[OK] Baixado: https://ozap888.888paz.cc/siteadmin/skin/lobby_asset/2-1-4/common/_sprite/icon_btm_zc.avif
[OK] Baixado: https://ozap888.888paz.cc/siteadmin/skin/lobby_asset/2-1-4/common/_sprite/icon_dt_1gg.avif
[OK] Baixado: https://ozap888.888paz.cc/siteadmin/skin/lobby_asset/2-1-4/common/_sprite/icon_dt_1xx_wd.avif
[OK] Baixado: https://ozap888.888paz.cc/siteadmin/skin/lobby_asset/2-1-4/common/_sprite/icon_dt_1xx.avif
[OK] Baixado: https://ozap888.888paz.cc/siteadmin/skin/lobby_asset/2-1-4/common/common/bg_pattern_tile.avif
[OK] Baixado: https://ozap888.888paz.cc/siteadmin/skin/lobby_asset/2-1-4/web/common/btn_zc1_1.avif
[OK] Baixado: https://ozap888.888paz.cc/siteadmin/skin/lobby_asset/2-1-4/web/common/btn_zc1_1.webp
[OK] Baixado: https://ozap888.888paz.cc/siteadmin/skin/lobby_asset/2-1-4/web/common/btn_zc1_2.avif
[OK] Baixado: https://ozap888.888paz.cc/siteadmin/skin/lobby_asset/2-1-4/web/common/btn_zc1_2.png
[OK] Baixado: https://ozap888.888paz.cc/siteadmin/skin/lobby_asset/2-1-4/web/common/btn_zc2_1.avif
[OK] Baixado: https://ozap888.888paz.cc/siteadmin/skin/lobby_asset/2-1-4/web/common/btn_zc2_2.avif
[OK] Baixado: https://ozap888.888paz.cc/siteadmin/skin/lobby_asset/2-1-4/web/home/icon_dt_pmd.avif
Início do log de download: 2025-10-20 03:15:33

[ERRO] Falha ao baixar: https://oss.777para.win/siteadmin/skin/lobby_asset/2-1-11/common/common/_sprite/icon_btm_cz.avif (HTTP 403)
[ERRO] Falha ao baixar: https://oss.777para.win/siteadmin/skin/lobby_asset/2-1-11/common/common/_sprite/icon_btm_sy.avif (HTTP 403)
[ERRO] Falha ao baixar: https://oss.777para.win/siteadmin/skin/lobby_asset/2-1-11/common/common/_sprite/icon_btm_sy1.avif (HTTP 403)
[ERRO] Falha ao baixar: https://oss.777para.win/siteadmin/skin/lobby_asset/2-1-11/common/common/_sprite/icon_btm_tg.avif (HTTP 403)
[ERRO] Falha ao baixar: https://oss.777para.win/siteadmin/skin/lobby_asset/2-1-11/common/common/_sprite/icon_btm_wd.avif (HTTP 403)
[ERRO] Falha ao baixar: https://oss.777para.win/siteadmin/skin/lobby_asset/2-1-11/common/common/_sprite/icon_btm_wd1.avif (HTTP 403)
[ERRO] Falha ao baixar: https://oss.777para.win/siteadmin/skin/lobby_asset/2-1-11/common/common/_sprite/icon_btm_yh.avif (HTTP 403)
[ERRO] Falha ao baixar: https://oss.777para.win/siteadmin/skin/lobby_asset/2-1-11/common/common/_sprite/icon_btm_yh1.avif (HTTP 403)
[ERRO] Falha ao baixar: https://oss.777para.win/siteadmin/skin/lobby_asset/2-1-11/common/common/_sprite/icon_btm_zc.avif (HTTP 403)
[ERRO] Falha ao baixar: https://oss.777para.win/siteadmin/skin/lobby_asset/2-1-11/common/common/_sprite/icon_dt_1gg.avif (HTTP 403)
[ERRO] Falha ao baixar: https://oss.777para.win/siteadmin/skin/lobby_asset/2-1-11/common/common/_sprite/icon_dt_1xx_wd.avif (HTTP 403)
[ERRO] Falha ao baixar: https://oss.777para.win/siteadmin/skin/lobby_asset/2-1-11/common/common/_sprite/icon_dt_1xx.avif (HTTP 403)
[ERRO] Falha ao baixar: https://oss.777para.win/siteadmin/skin/lobby_asset/2-1-11/common/common/common/bg_pattern_tile.avif (HTTP 403)
[ERRO] Falha ao baixar: https://oss.777para.win/siteadmin/skin/lobby_asset/2-1-11/common/web/common/btn_zc1_1.avif (HTTP 403)
[ERRO] Falha ao baixar: https://oss.777para.win/siteadmin/skin/lobby_asset/2-1-11/common/web/common/btn_zc1_1.webp (HTTP 403)
[ERRO] Falha ao baixar: https://oss.777para.win/siteadmin/skin/lobby_asset/2-1-11/common/web/common/btn_zc1_2.avif (HTTP 403)
[ERRO] Falha ao baixar: https://oss.777para.win/siteadmin/skin/lobby_asset/2-1-11/common/web/common/btn_zc1_2.png (HTTP 403)
[ERRO] Falha ao baixar: https://oss.777para.win/siteadmin/skin/lobby_asset/2-1-11/common/web/common/btn_zc2_1.avif (HTTP 403)
[ERRO] Falha ao baixar: https://oss.777para.win/siteadmin/skin/lobby_asset/2-1-11/common/web/common/btn_zc2_2.avif (HTTP 403)
[ERRO] Falha ao baixar: https://oss.777para.win/siteadmin/skin/lobby_asset/2-1-11/common/web/home/icon_dt_pmd.avif (HTTP 403)
Início do log de download: 2025-10-20 03:18:19

[ERRO] Falha ao baixar: https://oss.777para.win/siteadmin/skin/lobby_asset/2-1-11/common/common/_sprite/icon_btm_cz.avif (HTTP 403)
[ERRO] Falha ao baixar: https://oss.777para.win/siteadmin/skin/lobby_asset/2-1-11/common/common/_sprite/icon_btm_sy.avif (HTTP 403)
[ERRO] Falha ao baixar: https://oss.777para.win/siteadmin/skin/lobby_asset/2-1-11/common/common/_sprite/icon_btm_sy1.avif (HTTP 403)
[ERRO] Falha ao baixar: https://oss.777para.win/siteadmin/skin/lobby_asset/2-1-11/common/common/_sprite/icon_btm_tg.avif (HTTP 403)
[ERRO] Falha ao baixar: https://oss.777para.win/siteadmin/skin/lobby_asset/2-1-11/common/common/_sprite/icon_btm_wd.avif (HTTP 403)
[ERRO] Falha ao baixar: https://oss.777para.win/siteadmin/skin/lobby_asset/2-1-11/common/common/_sprite/icon_btm_wd1.avif (HTTP 403)
[ERRO] Falha ao baixar: https://oss.777para.win/siteadmin/skin/lobby_asset/2-1-11/common/common/_sprite/icon_btm_yh.avif (HTTP 403)
[ERRO] Falha ao baixar: https://oss.777para.win/siteadmin/skin/lobby_asset/2-1-11/common/common/_sprite/icon_btm_yh1.avif (HTTP 403)
[ERRO] Falha ao baixar: https://oss.777para.win/siteadmin/skin/lobby_asset/2-1-11/common/common/_sprite/icon_btm_zc.avif (HTTP 403)
[ERRO] Falha ao baixar: https://oss.777para.win/siteadmin/skin/lobby_asset/2-1-11/common/common/_sprite/icon_dt_1gg.avif (HTTP 403)
[ERRO] Falha ao baixar: https://oss.777para.win/siteadmin/skin/lobby_asset/2-1-11/common/common/_sprite/icon_dt_1xx_wd.avif (HTTP 403)
[ERRO] Falha ao baixar: https://oss.777para.win/siteadmin/skin/lobby_asset/2-1-11/common/common/_sprite/icon_dt_1xx.avif (HTTP 403)
[ERRO] Falha ao baixar: https://oss.777para.win/siteadmin/skin/lobby_asset/2-1-11/common/common/common/bg_pattern_tile.avif (HTTP 403)
[ERRO] Falha ao baixar: https://oss.777para.win/siteadmin/skin/lobby_asset/2-1-11/common/web/common/btn_zc1_1.avif (HTTP 403)
[ERRO] Falha ao baixar: https://oss.777para.win/siteadmin/skin/lobby_asset/2-1-11/common/web/common/btn_zc1_1.webp (HTTP 403)
[ERRO] Falha ao baixar: https://oss.777para.win/siteadmin/skin/lobby_asset/2-1-11/common/web/common/btn_zc1_2.avif (HTTP 403)
[ERRO] Falha ao baixar: https://oss.777para.win/siteadmin/skin/lobby_asset/2-1-11/common/web/common/btn_zc1_2.png (HTTP 403)
[ERRO] Falha ao baixar: https://oss.777para.win/siteadmin/skin/lobby_asset/2-1-11/common/web/common/btn_zc2_1.avif (HTTP 403)
[ERRO] Falha ao baixar: https://oss.777para.win/siteadmin/skin/lobby_asset/2-1-11/common/web/common/btn_zc2_2.avif (HTTP 403)
[ERRO] Falha ao baixar: https://oss.777para.win/siteadmin/skin/lobby_asset/2-1-11/common/web/home/icon_dt_pmd.avif (HTTP 403)
Início do log de download: 2025-10-20 03:20:06

[ERRO] Falha ao baixar: https://dfsh.w1-filletpg.com/siteadmin/skin/lobby_asset/2-1-20/common/common/_sprite/icon_btm_cz.avif (HTTP 403)
[ERRO] Falha ao baixar: https://dfsh.w1-filletpg.com/siteadmin/skin/lobby_asset/2-1-20/common/common/_sprite/icon_btm_sy.avif (HTTP 403)
[ERRO] Falha ao baixar: https://dfsh.w1-filletpg.com/siteadmin/skin/lobby_asset/2-1-20/common/common/_sprite/icon_btm_sy1.avif (HTTP 403)
[ERRO] Falha ao baixar: https://dfsh.w1-filletpg.com/siteadmin/skin/lobby_asset/2-1-20/common/common/_sprite/icon_btm_tg.avif (HTTP 403)
[ERRO] Falha ao baixar: https://dfsh.w1-filletpg.com/siteadmin/skin/lobby_asset/2-1-20/common/common/_sprite/icon_btm_wd.avif (HTTP 403)
[ERRO] Falha ao baixar: https://dfsh.w1-filletpg.com/siteadmin/skin/lobby_asset/2-1-20/common/common/_sprite/icon_btm_wd1.avif (HTTP 403)
[ERRO] Falha ao baixar: https://dfsh.w1-filletpg.com/siteadmin/skin/lobby_asset/2-1-20/common/common/_sprite/icon_btm_yh.avif (HTTP 403)
[ERRO] Falha ao baixar: https://dfsh.w1-filletpg.com/siteadmin/skin/lobby_asset/2-1-20/common/common/_sprite/icon_btm_yh1.avif (HTTP 403)
[ERRO] Falha ao baixar: https://dfsh.w1-filletpg.com/siteadmin/skin/lobby_asset/2-1-20/common/common/_sprite/icon_btm_zc.avif (HTTP 403)
[ERRO] Falha ao baixar: https://dfsh.w1-filletpg.com/siteadmin/skin/lobby_asset/2-1-20/common/common/_sprite/icon_dt_1gg.avif (HTTP 403)
[ERRO] Falha ao baixar: https://dfsh.w1-filletpg.com/siteadmin/skin/lobby_asset/2-1-20/common/common/_sprite/icon_dt_1xx_wd.avif (HTTP 403)
[ERRO] Falha ao baixar: https://dfsh.w1-filletpg.com/siteadmin/skin/lobby_asset/2-1-20/common/common/_sprite/icon_dt_1xx.avif (HTTP 403)
[ERRO] Falha ao baixar: https://dfsh.w1-filletpg.com/siteadmin/skin/lobby_asset/2-1-20/common/common/common/bg_pattern_tile.avif (HTTP 403)
[ERRO] Falha ao baixar: https://dfsh.w1-filletpg.com/siteadmin/skin/lobby_asset/2-1-20/common/web/common/btn_zc1_1.avif (HTTP 403)
[ERRO] Falha ao baixar: https://dfsh.w1-filletpg.com/siteadmin/skin/lobby_asset/2-1-20/common/web/common/btn_zc1_1.webp (HTTP 403)
[ERRO] Falha ao baixar: https://dfsh.w1-filletpg.com/siteadmin/skin/lobby_asset/2-1-20/common/web/common/btn_zc1_2.avif (HTTP 403)
[ERRO] Falha ao baixar: https://dfsh.w1-filletpg.com/siteadmin/skin/lobby_asset/2-1-20/common/web/common/btn_zc1_2.png (HTTP 403)
[ERRO] Falha ao baixar: https://dfsh.w1-filletpg.com/siteadmin/skin/lobby_asset/2-1-20/common/web/common/btn_zc2_1.avif (HTTP 403)
[ERRO] Falha ao baixar: https://dfsh.w1-filletpg.com/siteadmin/skin/lobby_asset/2-1-20/common/web/common/btn_zc2_2.avif (HTTP 403)
[ERRO] Falha ao baixar: https://dfsh.w1-filletpg.com/siteadmin/skin/lobby_asset/2-1-20/common/web/home/icon_dt_pmd.avif (HTTP 403)
Início do log de download: 2025-10-20 20:47:19

[ERRO] Falha ao baixar: https://oteb8766.6678bet.win/siteadmin/skin/lobby_asset/2-1-3/common/common/_sprite/icon_btm_cz.avif (HTTP 403)
[ERRO] Falha ao baixar: https://oteb8766.6678bet.win/siteadmin/skin/lobby_asset/2-1-3/common/common/_sprite/icon_btm_sy.avif (HTTP 403)
[ERRO] Falha ao baixar: https://oteb8766.6678bet.win/siteadmin/skin/lobby_asset/2-1-3/common/common/_sprite/icon_btm_sy1.avif (HTTP 403)
[ERRO] Falha ao baixar: https://oteb8766.6678bet.win/siteadmin/skin/lobby_asset/2-1-3/common/common/_sprite/icon_btm_tg.avif (HTTP 403)
[ERRO] Falha ao baixar: https://oteb8766.6678bet.win/siteadmin/skin/lobby_asset/2-1-3/common/common/_sprite/icon_btm_wd.avif (HTTP 403)
[ERRO] Falha ao baixar: https://oteb8766.6678bet.win/siteadmin/skin/lobby_asset/2-1-3/common/common/_sprite/icon_btm_wd1.avif (HTTP 403)
[ERRO] Falha ao baixar: https://oteb8766.6678bet.win/siteadmin/skin/lobby_asset/2-1-3/common/common/_sprite/icon_btm_yh.avif (HTTP 403)
[ERRO] Falha ao baixar: https://oteb8766.6678bet.win/siteadmin/skin/lobby_asset/2-1-3/common/common/_sprite/icon_btm_yh1.avif (HTTP 403)
[ERRO] Falha ao baixar: https://oteb8766.6678bet.win/siteadmin/skin/lobby_asset/2-1-3/common/common/_sprite/icon_btm_zc.avif (HTTP 403)
[ERRO] Falha ao baixar: https://oteb8766.6678bet.win/siteadmin/skin/lobby_asset/2-1-3/common/common/_sprite/icon_dt_1gg.avif (HTTP 403)
[ERRO] Falha ao baixar: https://oteb8766.6678bet.win/siteadmin/skin/lobby_asset/2-1-3/common/common/_sprite/icon_dt_1xx_wd.avif (HTTP 403)
[ERRO] Falha ao baixar: https://oteb8766.6678bet.win/siteadmin/skin/lobby_asset/2-1-3/common/common/_sprite/icon_dt_1xx.avif (HTTP 403)
[ERRO] Falha ao baixar: https://oteb8766.6678bet.win/siteadmin/skin/lobby_asset/2-1-3/common/common/common/bg_pattern_tile.avif (HTTP 403)
[ERRO] Falha ao baixar: https://oteb8766.6678bet.win/siteadmin/skin/lobby_asset/2-1-3/common/web/common/btn_zc1_1.avif (HTTP 403)
[ERRO] Falha ao baixar: https://oteb8766.6678bet.win/siteadmin/skin/lobby_asset/2-1-3/common/web/common/btn_zc1_1.webp (HTTP 403)
[ERRO] Falha ao baixar: https://oteb8766.6678bet.win/siteadmin/skin/lobby_asset/2-1-3/common/web/common/btn_zc1_2.avif (HTTP 403)
[ERRO] Falha ao baixar: https://oteb8766.6678bet.win/siteadmin/skin/lobby_asset/2-1-3/common/web/common/btn_zc1_2.png (HTTP 403)
[ERRO] Falha ao baixar: https://oteb8766.6678bet.win/siteadmin/skin/lobby_asset/2-1-3/common/web/common/btn_zc2_1.avif (HTTP 403)
[ERRO] Falha ao baixar: https://oteb8766.6678bet.win/siteadmin/skin/lobby_asset/2-1-3/common/web/common/btn_zc2_2.avif (HTTP 403)
[ERRO] Falha ao baixar: https://oteb8766.6678bet.win/siteadmin/skin/lobby_asset/2-1-3/common/web/home/icon_dt_pmd.avif (HTTP 403)
Início do log de download: 2025-10-20 20:52:16

[ERRO] Falha ao baixar: https://dfsh.w1-filletpg.com/siteadmin/skin/lobby_asset/2-1-20/common/common/_sprite/icon_btm_cz.avif (HTTP 403)
[ERRO] Falha ao baixar: https://dfsh.w1-filletpg.com/siteadmin/skin/lobby_asset/2-1-20/common/common/_sprite/icon_btm_sy.avif (HTTP 403)
[ERRO] Falha ao baixar: https://dfsh.w1-filletpg.com/siteadmin/skin/lobby_asset/2-1-20/common/common/_sprite/icon_btm_sy1.avif (HTTP 403)
[ERRO] Falha ao baixar: https://dfsh.w1-filletpg.com/siteadmin/skin/lobby_asset/2-1-20/common/common/_sprite/icon_btm_tg.avif (HTTP 403)
[ERRO] Falha ao baixar: https://dfsh.w1-filletpg.com/siteadmin/skin/lobby_asset/2-1-20/common/common/_sprite/icon_btm_wd.avif (HTTP 403)
[ERRO] Falha ao baixar: https://dfsh.w1-filletpg.com/siteadmin/skin/lobby_asset/2-1-20/common/common/_sprite/icon_btm_wd1.avif (HTTP 403)
[ERRO] Falha ao baixar: https://dfsh.w1-filletpg.com/siteadmin/skin/lobby_asset/2-1-20/common/common/_sprite/icon_btm_yh.avif (HTTP 403)
[ERRO] Falha ao baixar: https://dfsh.w1-filletpg.com/siteadmin/skin/lobby_asset/2-1-20/common/common/_sprite/icon_btm_yh1.avif (HTTP 403)
[ERRO] Falha ao baixar: https://dfsh.w1-filletpg.com/siteadmin/skin/lobby_asset/2-1-20/common/common/_sprite/icon_btm_zc.avif (HTTP 403)
[ERRO] Falha ao baixar: https://dfsh.w1-filletpg.com/siteadmin/skin/lobby_asset/2-1-20/common/common/_sprite/icon_dt_1gg.avif (HTTP 403)
[ERRO] Falha ao baixar: https://dfsh.w1-filletpg.com/siteadmin/skin/lobby_asset/2-1-20/common/common/_sprite/icon_dt_1xx_wd.avif (HTTP 403)
[ERRO] Falha ao baixar: https://dfsh.w1-filletpg.com/siteadmin/skin/lobby_asset/2-1-20/common/common/_sprite/icon_dt_1xx.avif (HTTP 403)
[ERRO] Falha ao baixar: https://dfsh.w1-filletpg.com/siteadmin/skin/lobby_asset/2-1-20/common/common/common/bg_pattern_tile.avif (HTTP 403)
[ERRO] Falha ao baixar: https://dfsh.w1-filletpg.com/siteadmin/skin/lobby_asset/2-1-20/common/web/common/btn_zc1_1.avif (HTTP 403)
[ERRO] Falha ao baixar: https://dfsh.w1-filletpg.com/siteadmin/skin/lobby_asset/2-1-20/common/web/common/btn_zc1_1.webp (HTTP 403)
[ERRO] Falha ao baixar: https://dfsh.w1-filletpg.com/siteadmin/skin/lobby_asset/2-1-20/common/web/common/btn_zc1_2.avif (HTTP 403)
[ERRO] Falha ao baixar: https://dfsh.w1-filletpg.com/siteadmin/skin/lobby_asset/2-1-20/common/web/common/btn_zc1_2.png (HTTP 403)
[ERRO] Falha ao baixar: https://dfsh.w1-filletpg.com/siteadmin/skin/lobby_asset/2-1-20/common/web/common/btn_zc2_1.avif (HTTP 403)
[ERRO] Falha ao baixar: https://dfsh.w1-filletpg.com/siteadmin/skin/lobby_asset/2-1-20/common/web/common/btn_zc2_2.avif (HTTP 403)
[ERRO] Falha ao baixar: https://dfsh.w1-filletpg.com/siteadmin/skin/lobby_asset/2-1-20/common/web/home/icon_dt_pmd.avif (HTTP 403)
Início do log de download: 2025-10-27 22:46:06

[OK] Baixado: https://gsd.carvalhopgapp.com/siteadmin/skin/lobby_asset/2-1-22/common/_sprite/icon_btm_cz.avif
[OK] Baixado: https://gsd.carvalhopgapp.com/siteadmin/skin/lobby_asset/2-1-22/common/_sprite/icon_btm_sy.avif
[OK] Baixado: https://gsd.carvalhopgapp.com/siteadmin/skin/lobby_asset/2-1-22/common/_sprite/icon_btm_sy1.avif
[OK] Baixado: https://gsd.carvalhopgapp.com/siteadmin/skin/lobby_asset/2-1-22/common/_sprite/icon_btm_tg.avif
[OK] Baixado: https://gsd.carvalhopgapp.com/siteadmin/skin/lobby_asset/2-1-22/common/_sprite/icon_btm_wd.avif
[OK] Baixado: https://gsd.carvalhopgapp.com/siteadmin/skin/lobby_asset/2-1-22/common/_sprite/icon_btm_wd1.avif
[OK] Baixado: https://gsd.carvalhopgapp.com/siteadmin/skin/lobby_asset/2-1-22/common/_sprite/icon_btm_yh.avif
[OK] Baixado: https://gsd.carvalhopgapp.com/siteadmin/skin/lobby_asset/2-1-22/common/_sprite/icon_btm_yh1.avif
[OK] Baixado: https://gsd.carvalhopgapp.com/siteadmin/skin/lobby_asset/2-1-22/common/_sprite/icon_btm_zc.avif
[OK] Baixado: https://gsd.carvalhopgapp.com/siteadmin/skin/lobby_asset/2-1-22/common/_sprite/icon_dt_1gg.avif
[OK] Baixado: https://gsd.carvalhopgapp.com/siteadmin/skin/lobby_asset/2-1-22/common/_sprite/icon_dt_1xx_wd.avif
[OK] Baixado: https://gsd.carvalhopgapp.com/siteadmin/skin/lobby_asset/2-1-22/common/_sprite/icon_dt_1xx.avif
[OK] Baixado: https://gsd.carvalhopgapp.com/siteadmin/skin/lobby_asset/2-1-22/common/common/bg_pattern_tile.avif
[OK] Baixado: https://gsd.carvalhopgapp.com/siteadmin/skin/lobby_asset/2-1-22/web/common/btn_zc1_1.avif
[OK] Baixado: https://gsd.carvalhopgapp.com/siteadmin/skin/lobby_asset/2-1-22/web/common/btn_zc1_1.webp
[OK] Baixado: https://gsd.carvalhopgapp.com/siteadmin/skin/lobby_asset/2-1-22/web/common/btn_zc1_2.avif
[OK] Baixado: https://gsd.carvalhopgapp.com/siteadmin/skin/lobby_asset/2-1-22/web/common/btn_zc1_2.png
[OK] Baixado: https://gsd.carvalhopgapp.com/siteadmin/skin/lobby_asset/2-1-22/web/common/btn_zc2_1.avif
[OK] Baixado: https://gsd.carvalhopgapp.com/siteadmin/skin/lobby_asset/2-1-22/web/common/btn_zc2_2.avif
[OK] Baixado: https://gsd.carvalhopgapp.com/siteadmin/skin/lobby_asset/2-1-22/web/home/icon_dt_pmd.avif
Início do log de download: 2025-10-28 18:38:14

[ERRO] Falha ao baixar: https://oteb8766.6678bet.win/siteadmin/skin/lobby_asset/2-1-3/common/common/_sprite/icon_btm_cz.avif (HTTP 403)
[ERRO] Falha ao baixar: https://oteb8766.6678bet.win/siteadmin/skin/lobby_asset/2-1-3/common/common/_sprite/icon_btm_sy.avif (HTTP 403)
[ERRO] Falha ao baixar: https://oteb8766.6678bet.win/siteadmin/skin/lobby_asset/2-1-3/common/common/_sprite/icon_btm_sy1.avif (HTTP 403)
[ERRO] Falha ao baixar: https://oteb8766.6678bet.win/siteadmin/skin/lobby_asset/2-1-3/common/common/_sprite/icon_btm_tg.avif (HTTP 403)
[ERRO] Falha ao baixar: https://oteb8766.6678bet.win/siteadmin/skin/lobby_asset/2-1-3/common/common/_sprite/icon_btm_wd.avif (HTTP 403)
[ERRO] Falha ao baixar: https://oteb8766.6678bet.win/siteadmin/skin/lobby_asset/2-1-3/common/common/_sprite/icon_btm_wd1.avif (HTTP 403)
[ERRO] Falha ao baixar: https://oteb8766.6678bet.win/siteadmin/skin/lobby_asset/2-1-3/common/common/_sprite/icon_btm_yh.avif (HTTP 403)
[ERRO] Falha ao baixar: https://oteb8766.6678bet.win/siteadmin/skin/lobby_asset/2-1-3/common/common/_sprite/icon_btm_yh1.avif (HTTP 403)
[ERRO] Falha ao baixar: https://oteb8766.6678bet.win/siteadmin/skin/lobby_asset/2-1-3/common/common/_sprite/icon_btm_zc.avif (HTTP 403)
[ERRO] Falha ao baixar: https://oteb8766.6678bet.win/siteadmin/skin/lobby_asset/2-1-3/common/common/_sprite/icon_dt_1gg.avif (HTTP 403)
[ERRO] Falha ao baixar: https://oteb8766.6678bet.win/siteadmin/skin/lobby_asset/2-1-3/common/common/_sprite/icon_dt_1xx_wd.avif (HTTP 403)
[ERRO] Falha ao baixar: https://oteb8766.6678bet.win/siteadmin/skin/lobby_asset/2-1-3/common/common/_sprite/icon_dt_1xx.avif (HTTP 403)
[ERRO] Falha ao baixar: https://oteb8766.6678bet.win/siteadmin/skin/lobby_asset/2-1-3/common/common/common/bg_pattern_tile.avif (HTTP 403)
[ERRO] Falha ao baixar: https://oteb8766.6678bet.win/siteadmin/skin/lobby_asset/2-1-3/common/web/common/btn_zc1_1.avif (HTTP 403)
[ERRO] Falha ao baixar: https://oteb8766.6678bet.win/siteadmin/skin/lobby_asset/2-1-3/common/web/common/btn_zc1_1.webp (HTTP 403)
[ERRO] Falha ao baixar: https://oteb8766.6678bet.win/siteadmin/skin/lobby_asset/2-1-3/common/web/common/btn_zc1_2.avif (HTTP 403)
[ERRO] Falha ao baixar: https://oteb8766.6678bet.win/siteadmin/skin/lobby_asset/2-1-3/common/web/common/btn_zc1_2.png (HTTP 403)
[ERRO] Falha ao baixar: https://oteb8766.6678bet.win/siteadmin/skin/lobby_asset/2-1-3/common/web/common/btn_zc2_1.avif (HTTP 403)
[ERRO] Falha ao baixar: https://oteb8766.6678bet.win/siteadmin/skin/lobby_asset/2-1-3/common/web/common/btn_zc2_2.avif (HTTP 403)
[ERRO] Falha ao baixar: https://oteb8766.6678bet.win/siteadmin/skin/lobby_asset/2-1-3/common/web/home/icon_dt_pmd.avif (HTTP 403)
Início do log de download: 2025-10-30 20:44:35

[ERRO] Falha ao baixar: https://oteb8766.6678bet.win/siteadmin/skin/lobby_asset/2-1-3/common/common/_sprite/icon_btm_cz.avif (HTTP 403)
[ERRO] Falha ao baixar: https://oteb8766.6678bet.win/siteadmin/skin/lobby_asset/2-1-3/common/common/_sprite/icon_btm_sy.avif (HTTP 403)
[ERRO] Falha ao baixar: https://oteb8766.6678bet.win/siteadmin/skin/lobby_asset/2-1-3/common/common/_sprite/icon_btm_sy1.avif (HTTP 403)
[ERRO] Falha ao baixar: https://oteb8766.6678bet.win/siteadmin/skin/lobby_asset/2-1-3/common/common/_sprite/icon_btm_tg.avif (HTTP 403)
[ERRO] Falha ao baixar: https://oteb8766.6678bet.win/siteadmin/skin/lobby_asset/2-1-3/common/common/_sprite/icon_btm_wd.avif (HTTP 403)
[ERRO] Falha ao baixar: https://oteb8766.6678bet.win/siteadmin/skin/lobby_asset/2-1-3/common/common/_sprite/icon_btm_wd1.avif (HTTP 403)
[ERRO] Falha ao baixar: https://oteb8766.6678bet.win/siteadmin/skin/lobby_asset/2-1-3/common/common/_sprite/icon_btm_yh.avif (HTTP 403)
[ERRO] Falha ao baixar: https://oteb8766.6678bet.win/siteadmin/skin/lobby_asset/2-1-3/common/common/_sprite/icon_btm_yh1.avif (HTTP 403)
[ERRO] Falha ao baixar: https://oteb8766.6678bet.win/siteadmin/skin/lobby_asset/2-1-3/common/common/_sprite/icon_btm_zc.avif (HTTP 403)
[ERRO] Falha ao baixar: https://oteb8766.6678bet.win/siteadmin/skin/lobby_asset/2-1-3/common/common/_sprite/icon_dt_1gg.avif (HTTP 403)
[ERRO] Falha ao baixar: https://oteb8766.6678bet.win/siteadmin/skin/lobby_asset/2-1-3/common/common/_sprite/icon_dt_1xx_wd.avif (HTTP 403)
[ERRO] Falha ao baixar: https://oteb8766.6678bet.win/siteadmin/skin/lobby_asset/2-1-3/common/common/_sprite/icon_dt_1xx.avif (HTTP 403)
[ERRO] Falha ao baixar: https://oteb8766.6678bet.win/siteadmin/skin/lobby_asset/2-1-3/common/common/common/bg_pattern_tile.avif (HTTP 403)
[ERRO] Falha ao baixar: https://oteb8766.6678bet.win/siteadmin/skin/lobby_asset/2-1-3/common/web/common/btn_zc1_1.avif (HTTP 403)
[ERRO] Falha ao baixar: https://oteb8766.6678bet.win/siteadmin/skin/lobby_asset/2-1-3/common/web/common/btn_zc1_1.webp (HTTP 403)
[ERRO] Falha ao baixar: https://oteb8766.6678bet.win/siteadmin/skin/lobby_asset/2-1-3/common/web/common/btn_zc1_2.avif (HTTP 403)
[ERRO] Falha ao baixar: https://oteb8766.6678bet.win/siteadmin/skin/lobby_asset/2-1-3/common/web/common/btn_zc1_2.png (HTTP 403)
[ERRO] Falha ao baixar: https://oteb8766.6678bet.win/siteadmin/skin/lobby_asset/2-1-3/common/web/common/btn_zc2_1.avif (HTTP 403)
[ERRO] Falha ao baixar: https://oteb8766.6678bet.win/siteadmin/skin/lobby_asset/2-1-3/common/web/common/btn_zc2_2.avif (HTTP 403)
[ERRO] Falha ao baixar: https://oteb8766.6678bet.win/siteadmin/skin/lobby_asset/2-1-3/common/web/home/icon_dt_pmd.avif (HTTP 403)
Início do log de download: 2025-10-30 20:46:35

[ERRO] Falha ao baixar: https://oteb8766.6678bet.win/siteadmin/skin/lobby_asset/2-1-3/common/common/_sprite/icon_btm_cz.avif (HTTP 403)
[ERRO] Falha ao baixar: https://oteb8766.6678bet.win/siteadmin/skin/lobby_asset/2-1-3/common/common/_sprite/icon_btm_sy.avif (HTTP 403)
[ERRO] Falha ao baixar: https://oteb8766.6678bet.win/siteadmin/skin/lobby_asset/2-1-3/common/common/_sprite/icon_btm_sy1.avif (HTTP 403)
[ERRO] Falha ao baixar: https://oteb8766.6678bet.win/siteadmin/skin/lobby_asset/2-1-3/common/common/_sprite/icon_btm_tg.avif (HTTP 403)
[ERRO] Falha ao baixar: https://oteb8766.6678bet.win/siteadmin/skin/lobby_asset/2-1-3/common/common/_sprite/icon_btm_wd.avif (HTTP 403)
[ERRO] Falha ao baixar: https://oteb8766.6678bet.win/siteadmin/skin/lobby_asset/2-1-3/common/common/_sprite/icon_btm_wd1.avif (HTTP 403)
[ERRO] Falha ao baixar: https://oteb8766.6678bet.win/siteadmin/skin/lobby_asset/2-1-3/common/common/_sprite/icon_btm_yh.avif (HTTP 403)
[ERRO] Falha ao baixar: https://oteb8766.6678bet.win/siteadmin/skin/lobby_asset/2-1-3/common/common/_sprite/icon_btm_yh1.avif (HTTP 403)
[ERRO] Falha ao baixar: https://oteb8766.6678bet.win/siteadmin/skin/lobby_asset/2-1-3/common/common/_sprite/icon_btm_zc.avif (HTTP 403)
[ERRO] Falha ao baixar: https://oteb8766.6678bet.win/siteadmin/skin/lobby_asset/2-1-3/common/common/_sprite/icon_dt_1gg.avif (HTTP 403)
[ERRO] Falha ao baixar: https://oteb8766.6678bet.win/siteadmin/skin/lobby_asset/2-1-3/common/common/_sprite/icon_dt_1xx_wd.avif (HTTP 403)
[ERRO] Falha ao baixar: https://oteb8766.6678bet.win/siteadmin/skin/lobby_asset/2-1-3/common/common/_sprite/icon_dt_1xx.avif (HTTP 403)
[ERRO] Falha ao baixar: https://oteb8766.6678bet.win/siteadmin/skin/lobby_asset/2-1-3/common/common/common/bg_pattern_tile.avif (HTTP 403)
[ERRO] Falha ao baixar: https://oteb8766.6678bet.win/siteadmin/skin/lobby_asset/2-1-3/common/web/common/btn_zc1_1.avif (HTTP 403)
[ERRO] Falha ao baixar: https://oteb8766.6678bet.win/siteadmin/skin/lobby_asset/2-1-3/common/web/common/btn_zc1_1.webp (HTTP 403)
[ERRO] Falha ao baixar: https://oteb8766.6678bet.win/siteadmin/skin/lobby_asset/2-1-3/common/web/common/btn_zc1_2.avif (HTTP 403)
[ERRO] Falha ao baixar: https://oteb8766.6678bet.win/siteadmin/skin/lobby_asset/2-1-3/common/web/common/btn_zc1_2.png (HTTP 403)
[ERRO] Falha ao baixar: https://oteb8766.6678bet.win/siteadmin/skin/lobby_asset/2-1-3/common/web/common/btn_zc2_1.avif (HTTP 403)
[ERRO] Falha ao baixar: https://oteb8766.6678bet.win/siteadmin/skin/lobby_asset/2-1-3/common/web/common/btn_zc2_2.avif (HTTP 403)
[ERRO] Falha ao baixar: https://oteb8766.6678bet.win/siteadmin/skin/lobby_asset/2-1-3/common/web/home/icon_dt_pmd.avif (HTTP 403)
Início do log de download: 2025-11-01 10:31:42

[ERRO] Falha ao baixar: https://opivzzbb.bbzzvip.com/siteadmin/skin/lobby_asset/2-1-2/common/common/_sprite/icon_btm_cz.avif (HTTP 403)
[ERRO] Falha ao baixar: https://opivzzbb.bbzzvip.com/siteadmin/skin/lobby_asset/2-1-2/common/common/_sprite/icon_btm_sy.avif (HTTP 403)
[ERRO] Falha ao baixar: https://opivzzbb.bbzzvip.com/siteadmin/skin/lobby_asset/2-1-2/common/common/_sprite/icon_btm_sy1.avif (HTTP 403)
[ERRO] Falha ao baixar: https://opivzzbb.bbzzvip.com/siteadmin/skin/lobby_asset/2-1-2/common/common/_sprite/icon_btm_tg.avif (HTTP 403)
[ERRO] Falha ao baixar: https://opivzzbb.bbzzvip.com/siteadmin/skin/lobby_asset/2-1-2/common/common/_sprite/icon_btm_wd.avif (HTTP 403)
[ERRO] Falha ao baixar: https://opivzzbb.bbzzvip.com/siteadmin/skin/lobby_asset/2-1-2/common/common/_sprite/icon_btm_wd1.avif (HTTP 403)
[ERRO] Falha ao baixar: https://opivzzbb.bbzzvip.com/siteadmin/skin/lobby_asset/2-1-2/common/common/_sprite/icon_btm_yh.avif (HTTP 403)
[ERRO] Falha ao baixar: https://opivzzbb.bbzzvip.com/siteadmin/skin/lobby_asset/2-1-2/common/common/_sprite/icon_btm_yh1.avif (HTTP 403)
[ERRO] Falha ao baixar: https://opivzzbb.bbzzvip.com/siteadmin/skin/lobby_asset/2-1-2/common/common/_sprite/icon_btm_zc.avif (HTTP 403)
[ERRO] Falha ao baixar: https://opivzzbb.bbzzvip.com/siteadmin/skin/lobby_asset/2-1-2/common/common/_sprite/icon_dt_1gg.avif (HTTP 403)
[ERRO] Falha ao baixar: https://opivzzbb.bbzzvip.com/siteadmin/skin/lobby_asset/2-1-2/common/common/_sprite/icon_dt_1xx_wd.avif (HTTP 403)
[ERRO] Falha ao baixar: https://opivzzbb.bbzzvip.com/siteadmin/skin/lobby_asset/2-1-2/common/common/_sprite/icon_dt_1xx.avif (HTTP 403)
[ERRO] Falha ao baixar: https://opivzzbb.bbzzvip.com/siteadmin/skin/lobby_asset/2-1-2/common/common/common/bg_pattern_tile.avif (HTTP 403)
[ERRO] Falha ao baixar: https://opivzzbb.bbzzvip.com/siteadmin/skin/lobby_asset/2-1-2/common/web/common/btn_zc1_1.avif (HTTP 403)
[ERRO] Falha ao baixar: https://opivzzbb.bbzzvip.com/siteadmin/skin/lobby_asset/2-1-2/common/web/common/btn_zc1_1.webp (HTTP 403)
[ERRO] Falha ao baixar: https://opivzzbb.bbzzvip.com/siteadmin/skin/lobby_asset/2-1-2/common/web/common/btn_zc1_2.avif (HTTP 403)
[ERRO] Falha ao baixar: https://opivzzbb.bbzzvip.com/siteadmin/skin/lobby_asset/2-1-2/common/web/common/btn_zc1_2.png (HTTP 403)
[ERRO] Falha ao baixar: https://opivzzbb.bbzzvip.com/siteadmin/skin/lobby_asset/2-1-2/common/web/common/btn_zc2_1.avif (HTTP 403)
[ERRO] Falha ao baixar: https://opivzzbb.bbzzvip.com/siteadmin/skin/lobby_asset/2-1-2/common/web/common/btn_zc2_2.avif (HTTP 403)
[ERRO] Falha ao baixar: https://opivzzbb.bbzzvip.com/siteadmin/skin/lobby_asset/2-1-2/common/web/home/icon_dt_pmd.avif (HTTP 403)
Início do log de download: 2025-11-01 10:41:58

[ERRO] Falha ao baixar: https://oteb8766.6678bet.win/siteadmin/skin/lobby_asset/2-1-3/common/common/_sprite/icon_btm_cz.avif (HTTP 403)
[ERRO] Falha ao baixar: https://oteb8766.6678bet.win/siteadmin/skin/lobby_asset/2-1-3/common/common/_sprite/icon_btm_sy.avif (HTTP 403)
[ERRO] Falha ao baixar: https://oteb8766.6678bet.win/siteadmin/skin/lobby_asset/2-1-3/common/common/_sprite/icon_btm_sy1.avif (HTTP 403)
[ERRO] Falha ao baixar: https://oteb8766.6678bet.win/siteadmin/skin/lobby_asset/2-1-3/common/common/_sprite/icon_btm_tg.avif (HTTP 403)
[ERRO] Falha ao baixar: https://oteb8766.6678bet.win/siteadmin/skin/lobby_asset/2-1-3/common/common/_sprite/icon_btm_wd.avif (HTTP 403)
[ERRO] Falha ao baixar: https://oteb8766.6678bet.win/siteadmin/skin/lobby_asset/2-1-3/common/common/_sprite/icon_btm_wd1.avif (HTTP 403)
[ERRO] Falha ao baixar: https://oteb8766.6678bet.win/siteadmin/skin/lobby_asset/2-1-3/common/common/_sprite/icon_btm_yh.avif (HTTP 403)
[ERRO] Falha ao baixar: https://oteb8766.6678bet.win/siteadmin/skin/lobby_asset/2-1-3/common/common/_sprite/icon_btm_yh1.avif (HTTP 403)
[ERRO] Falha ao baixar: https://oteb8766.6678bet.win/siteadmin/skin/lobby_asset/2-1-3/common/common/_sprite/icon_btm_zc.avif (HTTP 403)
[ERRO] Falha ao baixar: https://oteb8766.6678bet.win/siteadmin/skin/lobby_asset/2-1-3/common/common/_sprite/icon_dt_1gg.avif (HTTP 403)
[ERRO] Falha ao baixar: https://oteb8766.6678bet.win/siteadmin/skin/lobby_asset/2-1-3/common/common/_sprite/icon_dt_1xx_wd.avif (HTTP 403)
[ERRO] Falha ao baixar: https://oteb8766.6678bet.win/siteadmin/skin/lobby_asset/2-1-3/common/common/_sprite/icon_dt_1xx.avif (HTTP 403)
[ERRO] Falha ao baixar: https://oteb8766.6678bet.win/siteadmin/skin/lobby_asset/2-1-3/common/common/common/bg_pattern_tile.avif (HTTP 403)
[ERRO] Falha ao baixar: https://oteb8766.6678bet.win/siteadmin/skin/lobby_asset/2-1-3/common/web/common/btn_zc1_1.avif (HTTP 403)
[ERRO] Falha ao baixar: https://oteb8766.6678bet.win/siteadmin/skin/lobby_asset/2-1-3/common/web/common/btn_zc1_1.webp (HTTP 403)
[ERRO] Falha ao baixar: https://oteb8766.6678bet.win/siteadmin/skin/lobby_asset/2-1-3/common/web/common/btn_zc1_2.avif (HTTP 403)
[ERRO] Falha ao baixar: https://oteb8766.6678bet.win/siteadmin/skin/lobby_asset/2-1-3/common/web/common/btn_zc1_2.png (HTTP 403)
[ERRO] Falha ao baixar: https://oteb8766.6678bet.win/siteadmin/skin/lobby_asset/2-1-3/common/web/common/btn_zc2_1.avif (HTTP 403)
[ERRO] Falha ao baixar: https://oteb8766.6678bet.win/siteadmin/skin/lobby_asset/2-1-3/common/web/common/btn_zc2_2.avif (HTTP 403)
[ERRO] Falha ao baixar: https://oteb8766.6678bet.win/siteadmin/skin/lobby_asset/2-1-3/common/web/home/icon_dt_pmd.avif (HTTP 403)
Início do log de download: 2025-11-13 16:47:24

[ERRO] Falha ao baixar: https://oteb8766.6678bet.win/siteadmin/skin/lobby_asset/2-1-3/common/common/_sprite/icon_btm_cz.avif (HTTP 403)
[ERRO] Falha ao baixar: https://oteb8766.6678bet.win/siteadmin/skin/lobby_asset/2-1-3/common/common/_sprite/icon_btm_sy.avif (HTTP 403)
[ERRO] Falha ao baixar: https://oteb8766.6678bet.win/siteadmin/skin/lobby_asset/2-1-3/common/common/_sprite/icon_btm_sy1.avif (HTTP 403)
[ERRO] Falha ao baixar: https://oteb8766.6678bet.win/siteadmin/skin/lobby_asset/2-1-3/common/common/_sprite/icon_btm_tg.avif (HTTP 403)
[ERRO] Falha ao baixar: https://oteb8766.6678bet.win/siteadmin/skin/lobby_asset/2-1-3/common/common/_sprite/icon_btm_wd.avif (HTTP 403)
[ERRO] Falha ao baixar: https://oteb8766.6678bet.win/siteadmin/skin/lobby_asset/2-1-3/common/common/_sprite/icon_btm_wd1.avif (HTTP 403)
[ERRO] Falha ao baixar: https://oteb8766.6678bet.win/siteadmin/skin/lobby_asset/2-1-3/common/common/_sprite/icon_btm_yh.avif (HTTP 403)
[ERRO] Falha ao baixar: https://oteb8766.6678bet.win/siteadmin/skin/lobby_asset/2-1-3/common/common/_sprite/icon_btm_yh1.avif (HTTP 403)
[ERRO] Falha ao baixar: https://oteb8766.6678bet.win/siteadmin/skin/lobby_asset/2-1-3/common/common/_sprite/icon_btm_zc.avif (HTTP 403)
[ERRO] Falha ao baixar: https://oteb8766.6678bet.win/siteadmin/skin/lobby_asset/2-1-3/common/common/_sprite/icon_dt_1gg.avif (HTTP 403)
[ERRO] Falha ao baixar: https://oteb8766.6678bet.win/siteadmin/skin/lobby_asset/2-1-3/common/common/_sprite/icon_dt_1xx_wd.avif (HTTP 403)
[ERRO] Falha ao baixar: https://oteb8766.6678bet.win/siteadmin/skin/lobby_asset/2-1-3/common/common/_sprite/icon_dt_1xx.avif (HTTP 403)
[ERRO] Falha ao baixar: https://oteb8766.6678bet.win/siteadmin/skin/lobby_asset/2-1-3/common/common/common/bg_pattern_tile.avif (HTTP 403)
[ERRO] Falha ao baixar: https://oteb8766.6678bet.win/siteadmin/skin/lobby_asset/2-1-3/common/web/common/btn_zc1_1.avif (HTTP 403)
[ERRO] Falha ao baixar: https://oteb8766.6678bet.win/siteadmin/skin/lobby_asset/2-1-3/common/web/common/btn_zc1_1.webp (HTTP 403)
[ERRO] Falha ao baixar: https://oteb8766.6678bet.win/siteadmin/skin/lobby_asset/2-1-3/common/web/common/btn_zc1_2.avif (HTTP 403)
[ERRO] Falha ao baixar: https://oteb8766.6678bet.win/siteadmin/skin/lobby_asset/2-1-3/common/web/common/btn_zc1_2.png (HTTP 403)
[ERRO] Falha ao baixar: https://oteb8766.6678bet.win/siteadmin/skin/lobby_asset/2-1-3/common/web/common/btn_zc2_1.avif (HTTP 403)
[ERRO] Falha ao baixar: https://oteb8766.6678bet.win/siteadmin/skin/lobby_asset/2-1-3/common/web/common/btn_zc2_2.avif (HTTP 403)
[ERRO] Falha ao baixar: https://oteb8766.6678bet.win/siteadmin/skin/lobby_asset/2-1-3/common/web/home/icon_dt_pmd.avif (HTTP 403)
Início do log de download: 2025-11-14 21:17:27

[ERRO] Falha ao baixar: https://gdsg.amaranthpgpay.com/siteadmin/skin/lobby_asset/2-1-17/common/common/_sprite/icon_btm_cz.avif (HTTP 403)
[ERRO] Falha ao baixar: https://gdsg.amaranthpgpay.com/siteadmin/skin/lobby_asset/2-1-17/common/common/_sprite/icon_btm_sy.avif (HTTP 403)
[ERRO] Falha ao baixar: https://gdsg.amaranthpgpay.com/siteadmin/skin/lobby_asset/2-1-17/common/common/_sprite/icon_btm_sy1.avif (HTTP 403)
[ERRO] Falha ao baixar: https://gdsg.amaranthpgpay.com/siteadmin/skin/lobby_asset/2-1-17/common/common/_sprite/icon_btm_tg.avif (HTTP 403)
[ERRO] Falha ao baixar: https://gdsg.amaranthpgpay.com/siteadmin/skin/lobby_asset/2-1-17/common/common/_sprite/icon_btm_wd.avif (HTTP 403)
[ERRO] Falha ao baixar: https://gdsg.amaranthpgpay.com/siteadmin/skin/lobby_asset/2-1-17/common/common/_sprite/icon_btm_wd1.avif (HTTP 403)
[ERRO] Falha ao baixar: https://gdsg.amaranthpgpay.com/siteadmin/skin/lobby_asset/2-1-17/common/common/_sprite/icon_btm_yh.avif (HTTP 403)
[ERRO] Falha ao baixar: https://gdsg.amaranthpgpay.com/siteadmin/skin/lobby_asset/2-1-17/common/common/_sprite/icon_btm_yh1.avif (HTTP 403)
[ERRO] Falha ao baixar: https://gdsg.amaranthpgpay.com/siteadmin/skin/lobby_asset/2-1-17/common/common/_sprite/icon_btm_zc.avif (HTTP 403)
[ERRO] Falha ao baixar: https://gdsg.amaranthpgpay.com/siteadmin/skin/lobby_asset/2-1-17/common/common/_sprite/icon_dt_1gg.avif (HTTP 403)
[ERRO] Falha ao baixar: https://gdsg.amaranthpgpay.com/siteadmin/skin/lobby_asset/2-1-17/common/common/_sprite/icon_dt_1xx_wd.avif (HTTP 403)
[ERRO] Falha ao baixar: https://gdsg.amaranthpgpay.com/siteadmin/skin/lobby_asset/2-1-17/common/common/_sprite/icon_dt_1xx.avif (HTTP 403)
[ERRO] Falha ao baixar: https://gdsg.amaranthpgpay.com/siteadmin/skin/lobby_asset/2-1-17/common/common/common/bg_pattern_tile.avif (HTTP 403)
[ERRO] Falha ao baixar: https://gdsg.amaranthpgpay.com/siteadmin/skin/lobby_asset/2-1-17/common/web/common/btn_zc1_1.avif (HTTP 403)
[ERRO] Falha ao baixar: https://gdsg.amaranthpgpay.com/siteadmin/skin/lobby_asset/2-1-17/common/web/common/btn_zc1_1.webp (HTTP 403)
[ERRO] Falha ao baixar: https://gdsg.amaranthpgpay.com/siteadmin/skin/lobby_asset/2-1-17/common/web/common/btn_zc1_2.avif (HTTP 403)
[ERRO] Falha ao baixar: https://gdsg.amaranthpgpay.com/siteadmin/skin/lobby_asset/2-1-17/common/web/common/btn_zc1_2.png (HTTP 403)
[ERRO] Falha ao baixar: https://gdsg.amaranthpgpay.com/siteadmin/skin/lobby_asset/2-1-17/common/web/common/btn_zc2_1.avif (HTTP 403)
[ERRO] Falha ao baixar: https://gdsg.amaranthpgpay.com/siteadmin/skin/lobby_asset/2-1-17/common/web/common/btn_zc2_2.avif (HTTP 403)
[ERRO] Falha ao baixar: https://gdsg.amaranthpgpay.com/siteadmin/skin/lobby_asset/2-1-17/common/web/home/icon_dt_pmd.avif (HTTP 403)
Início do log de download: 2025-11-14 21:18:37

[ERRO] Falha ao baixar: https://agsa.feijoapgpay1.com/siteadmin/skin/lobby_asset/2-1-14/common/common/_sprite/icon_btm_cz.avif (HTTP 403)
[ERRO] Falha ao baixar: https://agsa.feijoapgpay1.com/siteadmin/skin/lobby_asset/2-1-14/common/common/_sprite/icon_btm_sy.avif (HTTP 403)
[ERRO] Falha ao baixar: https://agsa.feijoapgpay1.com/siteadmin/skin/lobby_asset/2-1-14/common/common/_sprite/icon_btm_sy1.avif (HTTP 403)
[ERRO] Falha ao baixar: https://agsa.feijoapgpay1.com/siteadmin/skin/lobby_asset/2-1-14/common/common/_sprite/icon_btm_tg.avif (HTTP 403)
[ERRO] Falha ao baixar: https://agsa.feijoapgpay1.com/siteadmin/skin/lobby_asset/2-1-14/common/common/_sprite/icon_btm_wd.avif (HTTP 403)
[ERRO] Falha ao baixar: https://agsa.feijoapgpay1.com/siteadmin/skin/lobby_asset/2-1-14/common/common/_sprite/icon_btm_wd1.avif (HTTP 403)
[ERRO] Falha ao baixar: https://agsa.feijoapgpay1.com/siteadmin/skin/lobby_asset/2-1-14/common/common/_sprite/icon_btm_yh.avif (HTTP 403)
[ERRO] Falha ao baixar: https://agsa.feijoapgpay1.com/siteadmin/skin/lobby_asset/2-1-14/common/common/_sprite/icon_btm_yh1.avif (HTTP 403)
[ERRO] Falha ao baixar: https://agsa.feijoapgpay1.com/siteadmin/skin/lobby_asset/2-1-14/common/common/_sprite/icon_btm_zc.avif (HTTP 403)
[ERRO] Falha ao baixar: https://agsa.feijoapgpay1.com/siteadmin/skin/lobby_asset/2-1-14/common/common/_sprite/icon_dt_1gg.avif (HTTP 403)
[ERRO] Falha ao baixar: https://agsa.feijoapgpay1.com/siteadmin/skin/lobby_asset/2-1-14/common/common/_sprite/icon_dt_1xx_wd.avif (HTTP 403)
[ERRO] Falha ao baixar: https://agsa.feijoapgpay1.com/siteadmin/skin/lobby_asset/2-1-14/common/common/_sprite/icon_dt_1xx.avif (HTTP 403)
[ERRO] Falha ao baixar: https://agsa.feijoapgpay1.com/siteadmin/skin/lobby_asset/2-1-14/common/common/common/bg_pattern_tile.avif (HTTP 403)
[ERRO] Falha ao baixar: https://agsa.feijoapgpay1.com/siteadmin/skin/lobby_asset/2-1-14/common/web/common/btn_zc1_1.avif (HTTP 403)
[ERRO] Falha ao baixar: https://agsa.feijoapgpay1.com/siteadmin/skin/lobby_asset/2-1-14/common/web/common/btn_zc1_1.webp (HTTP 403)
[ERRO] Falha ao baixar: https://agsa.feijoapgpay1.com/siteadmin/skin/lobby_asset/2-1-14/common/web/common/btn_zc1_2.avif (HTTP 403)
[ERRO] Falha ao baixar: https://agsa.feijoapgpay1.com/siteadmin/skin/lobby_asset/2-1-14/common/web/common/btn_zc1_2.png (HTTP 403)
[ERRO] Falha ao baixar: https://agsa.feijoapgpay1.com/siteadmin/skin/lobby_asset/2-1-14/common/web/common/btn_zc2_1.avif (HTTP 403)
[ERRO] Falha ao baixar: https://agsa.feijoapgpay1.com/siteadmin/skin/lobby_asset/2-1-14/common/web/common/btn_zc2_2.avif (HTTP 403)
[ERRO] Falha ao baixar: https://agsa.feijoapgpay1.com/siteadmin/skin/lobby_asset/2-1-14/common/web/home/icon_dt_pmd.avif (HTTP 403)
Início do log de download: 2025-11-14 21:21:09

[OK] Baixado: https://hsah.airlinerpgapp.com/siteadmin/skin/lobby_asset/2-1-6/common/_sprite/icon_btm_cz.avif
[OK] Baixado: https://hsah.airlinerpgapp.com/siteadmin/skin/lobby_asset/2-1-6/common/_sprite/icon_btm_sy.avif
[OK] Baixado: https://hsah.airlinerpgapp.com/siteadmin/skin/lobby_asset/2-1-6/common/_sprite/icon_btm_sy1.avif
[OK] Baixado: https://hsah.airlinerpgapp.com/siteadmin/skin/lobby_asset/2-1-6/common/_sprite/icon_btm_tg.avif
[OK] Baixado: https://hsah.airlinerpgapp.com/siteadmin/skin/lobby_asset/2-1-6/common/_sprite/icon_btm_wd.avif
[OK] Baixado: https://hsah.airlinerpgapp.com/siteadmin/skin/lobby_asset/2-1-6/common/_sprite/icon_btm_wd1.avif
[OK] Baixado: https://hsah.airlinerpgapp.com/siteadmin/skin/lobby_asset/2-1-6/common/_sprite/icon_btm_yh.avif
[OK] Baixado: https://hsah.airlinerpgapp.com/siteadmin/skin/lobby_asset/2-1-6/common/_sprite/icon_btm_yh1.avif
[OK] Baixado: https://hsah.airlinerpgapp.com/siteadmin/skin/lobby_asset/2-1-6/common/_sprite/icon_btm_zc.avif
[OK] Baixado: https://hsah.airlinerpgapp.com/siteadmin/skin/lobby_asset/2-1-6/common/_sprite/icon_dt_1gg.avif
[OK] Baixado: https://hsah.airlinerpgapp.com/siteadmin/skin/lobby_asset/2-1-6/common/_sprite/icon_dt_1xx_wd.avif
[OK] Baixado: https://hsah.airlinerpgapp.com/siteadmin/skin/lobby_asset/2-1-6/common/_sprite/icon_dt_1xx.avif
[OK] Baixado: https://hsah.airlinerpgapp.com/siteadmin/skin/lobby_asset/2-1-6/common/common/bg_pattern_tile.avif
[OK] Baixado: https://hsah.airlinerpgapp.com/siteadmin/skin/lobby_asset/2-1-6/web/common/btn_zc1_1.avif
[OK] Baixado: https://hsah.airlinerpgapp.com/siteadmin/skin/lobby_asset/2-1-6/web/common/btn_zc1_1.webp
[OK] Baixado: https://hsah.airlinerpgapp.com/siteadmin/skin/lobby_asset/2-1-6/web/common/btn_zc1_2.avif
[OK] Baixado: https://hsah.airlinerpgapp.com/siteadmin/skin/lobby_asset/2-1-6/web/common/btn_zc1_2.png
[OK] Baixado: https://hsah.airlinerpgapp.com/siteadmin/skin/lobby_asset/2-1-6/web/common/btn_zc2_1.avif
[OK] Baixado: https://hsah.airlinerpgapp.com/siteadmin/skin/lobby_asset/2-1-6/web/common/btn_zc2_2.avif
[OK] Baixado: https://hsah.airlinerpgapp.com/siteadmin/skin/lobby_asset/2-1-6/web/home/icon_dt_pmd.avif
Início do log de download: 2025-11-16 14:35:54

[ERRO] Falha ao baixar: https://wp-fritaspg.com/siteadmin/skin/lobby/common/_sprite/icon_btm_cz.avif (HTTP 404)
[ERRO] Falha ao baixar: https://wp-fritaspg.com/siteadmin/skin/lobby/common/_sprite/icon_btm_sy.avif (HTTP 404)
[ERRO] Falha ao baixar: https://wp-fritaspg.com/siteadmin/skin/lobby/common/_sprite/icon_btm_sy1.avif (HTTP 404)
[ERRO] Falha ao baixar: https://wp-fritaspg.com/siteadmin/skin/lobby/common/_sprite/icon_btm_tg.avif (HTTP 404)
[ERRO] Falha ao baixar: https://wp-fritaspg.com/siteadmin/skin/lobby/common/_sprite/icon_btm_wd.avif (HTTP 404)
[ERRO] Falha ao baixar: https://wp-fritaspg.com/siteadmin/skin/lobby/common/_sprite/icon_btm_wd1.avif (HTTP 404)
[ERRO] Falha ao baixar: https://wp-fritaspg.com/siteadmin/skin/lobby/common/_sprite/icon_btm_yh.avif (HTTP 404)
[ERRO] Falha ao baixar: https://wp-fritaspg.com/siteadmin/skin/lobby/common/_sprite/icon_btm_yh1.avif (HTTP 404)
[ERRO] Falha ao baixar: https://wp-fritaspg.com/siteadmin/skin/lobby/common/_sprite/icon_btm_zc.avif (HTTP 404)
[ERRO] Falha ao baixar: https://wp-fritaspg.com/siteadmin/skin/lobby/common/_sprite/icon_dt_1gg.avif (HTTP 404)
[ERRO] Falha ao baixar: https://wp-fritaspg.com/siteadmin/skin/lobby/common/_sprite/icon_dt_1xx_wd.avif (HTTP 404)
[ERRO] Falha ao baixar: https://wp-fritaspg.com/siteadmin/skin/lobby/common/_sprite/icon_dt_1xx.avif (HTTP 404)
[ERRO] Falha ao baixar: https://wp-fritaspg.com/siteadmin/skin/lobby/common/common/bg_pattern_tile.avif (HTTP 404)
[ERRO] Falha ao baixar: https://wp-fritaspg.com/siteadmin/skin/lobby/web/common/btn_zc1_1.avif (HTTP 404)
[ERRO] Falha ao baixar: https://wp-fritaspg.com/siteadmin/skin/lobby/web/common/btn_zc1_1.webp (HTTP 404)
[ERRO] Falha ao baixar: https://wp-fritaspg.com/siteadmin/skin/lobby/web/common/btn_zc1_2.avif (HTTP 404)
[ERRO] Falha ao baixar: https://wp-fritaspg.com/siteadmin/skin/lobby/web/common/btn_zc1_2.png (HTTP 404)
[ERRO] Falha ao baixar: https://wp-fritaspg.com/siteadmin/skin/lobby/web/common/btn_zc2_1.avif (HTTP 404)
[ERRO] Falha ao baixar: https://wp-fritaspg.com/siteadmin/skin/lobby/web/common/btn_zc2_2.avif (HTTP 404)
[ERRO] Falha ao baixar: https://wp-fritaspg.com/siteadmin/skin/lobby/web/home/icon_dt_pmd.avif (HTTP 404)
Início do log de download: 2025-11-16 14:37:05

[OK] Baixado: https://gadsgads.saxpgapp.com/siteadmin/skin/lobby_asset/2-1-12/common/_sprite/icon_btm_cz.avif
[OK] Baixado: https://gadsgads.saxpgapp.com/siteadmin/skin/lobby_asset/2-1-12/common/_sprite/icon_btm_sy.avif
[OK] Baixado: https://gadsgads.saxpgapp.com/siteadmin/skin/lobby_asset/2-1-12/common/_sprite/icon_btm_sy1.avif
[OK] Baixado: https://gadsgads.saxpgapp.com/siteadmin/skin/lobby_asset/2-1-12/common/_sprite/icon_btm_tg.avif
[OK] Baixado: https://gadsgads.saxpgapp.com/siteadmin/skin/lobby_asset/2-1-12/common/_sprite/icon_btm_wd.avif
[OK] Baixado: https://gadsgads.saxpgapp.com/siteadmin/skin/lobby_asset/2-1-12/common/_sprite/icon_btm_wd1.avif
[OK] Baixado: https://gadsgads.saxpgapp.com/siteadmin/skin/lobby_asset/2-1-12/common/_sprite/icon_btm_yh.avif
[OK] Baixado: https://gadsgads.saxpgapp.com/siteadmin/skin/lobby_asset/2-1-12/common/_sprite/icon_btm_yh1.avif
[OK] Baixado: https://gadsgads.saxpgapp.com/siteadmin/skin/lobby_asset/2-1-12/common/_sprite/icon_btm_zc.avif
[OK] Baixado: https://gadsgads.saxpgapp.com/siteadmin/skin/lobby_asset/2-1-12/common/_sprite/icon_dt_1gg.avif
[OK] Baixado: https://gadsgads.saxpgapp.com/siteadmin/skin/lobby_asset/2-1-12/common/_sprite/icon_dt_1xx_wd.avif
[OK] Baixado: https://gadsgads.saxpgapp.com/siteadmin/skin/lobby_asset/2-1-12/common/_sprite/icon_dt_1xx.avif
[OK] Baixado: https://gadsgads.saxpgapp.com/siteadmin/skin/lobby_asset/2-1-12/common/common/bg_pattern_tile.avif
[OK] Baixado: https://gadsgads.saxpgapp.com/siteadmin/skin/lobby_asset/2-1-12/web/common/btn_zc1_1.avif
[OK] Baixado: https://gadsgads.saxpgapp.com/siteadmin/skin/lobby_asset/2-1-12/web/common/btn_zc1_1.webp
[OK] Baixado: https://gadsgads.saxpgapp.com/siteadmin/skin/lobby_asset/2-1-12/web/common/btn_zc1_2.avif
[OK] Baixado: https://gadsgads.saxpgapp.com/siteadmin/skin/lobby_asset/2-1-12/web/common/btn_zc1_2.png
[OK] Baixado: https://gadsgads.saxpgapp.com/siteadmin/skin/lobby_asset/2-1-12/web/common/btn_zc2_1.avif
[OK] Baixado: https://gadsgads.saxpgapp.com/siteadmin/skin/lobby_asset/2-1-12/web/common/btn_zc2_2.avif
[OK] Baixado: https://gadsgads.saxpgapp.com/siteadmin/skin/lobby_asset/2-1-12/web/home/icon_dt_pmd.avif
Início do log de download: 2025-11-18 18:36:11

[ERRO] Falha ao baixar: https://oteb8766.6678bet.win/siteadmin/skin/lobby_asset/2-1-3/common/common/_sprite/icon_btm_cz.avif (HTTP 403)
[ERRO] Falha ao baixar: https://oteb8766.6678bet.win/siteadmin/skin/lobby_asset/2-1-3/common/common/_sprite/icon_btm_sy.avif (HTTP 403)
[ERRO] Falha ao baixar: https://oteb8766.6678bet.win/siteadmin/skin/lobby_asset/2-1-3/common/common/_sprite/icon_btm_sy1.avif (HTTP 403)
[ERRO] Falha ao baixar: https://oteb8766.6678bet.win/siteadmin/skin/lobby_asset/2-1-3/common/common/_sprite/icon_btm_tg.avif (HTTP 403)
[ERRO] Falha ao baixar: https://oteb8766.6678bet.win/siteadmin/skin/lobby_asset/2-1-3/common/common/_sprite/icon_btm_wd.avif (HTTP 403)
[ERRO] Falha ao baixar: https://oteb8766.6678bet.win/siteadmin/skin/lobby_asset/2-1-3/common/common/_sprite/icon_btm_wd1.avif (HTTP 403)
[ERRO] Falha ao baixar: https://oteb8766.6678bet.win/siteadmin/skin/lobby_asset/2-1-3/common/common/_sprite/icon_btm_yh.avif (HTTP 403)
[ERRO] Falha ao baixar: https://oteb8766.6678bet.win/siteadmin/skin/lobby_asset/2-1-3/common/common/_sprite/icon_btm_yh1.avif (HTTP 403)
[ERRO] Falha ao baixar: https://oteb8766.6678bet.win/siteadmin/skin/lobby_asset/2-1-3/common/common/_sprite/icon_btm_zc.avif (HTTP 403)
[ERRO] Falha ao baixar: https://oteb8766.6678bet.win/siteadmin/skin/lobby_asset/2-1-3/common/common/_sprite/icon_dt_1gg.avif (HTTP 403)
[ERRO] Falha ao baixar: https://oteb8766.6678bet.win/siteadmin/skin/lobby_asset/2-1-3/common/common/_sprite/icon_dt_1xx_wd.avif (HTTP 403)
[ERRO] Falha ao baixar: https://oteb8766.6678bet.win/siteadmin/skin/lobby_asset/2-1-3/common/common/_sprite/icon_dt_1xx.avif (HTTP 403)
[ERRO] Falha ao baixar: https://oteb8766.6678bet.win/siteadmin/skin/lobby_asset/2-1-3/common/common/common/bg_pattern_tile.avif (HTTP 403)
[ERRO] Falha ao baixar: https://oteb8766.6678bet.win/siteadmin/skin/lobby_asset/2-1-3/common/web/common/btn_zc1_1.avif (HTTP 403)
[ERRO] Falha ao baixar: https://oteb8766.6678bet.win/siteadmin/skin/lobby_asset/2-1-3/common/web/common/btn_zc1_1.webp (HTTP 403)
[ERRO] Falha ao baixar: https://oteb8766.6678bet.win/siteadmin/skin/lobby_asset/2-1-3/common/web/common/btn_zc1_2.avif (HTTP 403)
[ERRO] Falha ao baixar: https://oteb8766.6678bet.win/siteadmin/skin/lobby_asset/2-1-3/common/web/common/btn_zc1_2.png (HTTP 403)
[ERRO] Falha ao baixar: https://oteb8766.6678bet.win/siteadmin/skin/lobby_asset/2-1-3/common/web/common/btn_zc2_1.avif (HTTP 403)
[ERRO] Falha ao baixar: https://oteb8766.6678bet.win/siteadmin/skin/lobby_asset/2-1-3/common/web/common/btn_zc2_2.avif (HTTP 403)
[ERRO] Falha ao baixar: https://oteb8766.6678bet.win/siteadmin/skin/lobby_asset/2-1-3/common/web/home/icon_dt_pmd.avif (HTTP 403)
Início do log de download: 2025-12-08 16:35:29

[ERRO] Falha ao baixar: /common/_sprite/icon_btm_cz.avif (HTTP 0)
[ERRO] Falha ao baixar: /common/_sprite/icon_btm_sy.avif (HTTP 0)
[ERRO] Falha ao baixar: /common/_sprite/icon_btm_sy1.avif (HTTP 0)
[ERRO] Falha ao baixar: /common/_sprite/icon_btm_tg.avif (HTTP 0)
[ERRO] Falha ao baixar: /common/_sprite/icon_btm_wd.avif (HTTP 0)
[ERRO] Falha ao baixar: /common/_sprite/icon_btm_wd1.avif (HTTP 0)
[ERRO] Falha ao baixar: /common/_sprite/icon_btm_yh.avif (HTTP 0)
[ERRO] Falha ao baixar: /common/_sprite/icon_btm_yh1.avif (HTTP 0)
[ERRO] Falha ao baixar: /common/_sprite/icon_btm_zc.avif (HTTP 0)
[ERRO] Falha ao baixar: /common/_sprite/icon_dt_1gg.avif (HTTP 0)
[ERRO] Falha ao baixar: /common/_sprite/icon_dt_1xx_wd.avif (HTTP 0)
[ERRO] Falha ao baixar: /common/_sprite/icon_dt_1xx.avif (HTTP 0)
[ERRO] Falha ao baixar: /common/common/bg_pattern_tile.avif (HTTP 0)
[ERRO] Falha ao baixar: /web/common/btn_zc1_1.avif (HTTP 0)
[ERRO] Falha ao baixar: /web/common/btn_zc1_1.webp (HTTP 0)
[ERRO] Falha ao baixar: /web/common/btn_zc1_2.avif (HTTP 0)
[ERRO] Falha ao baixar: /web/common/btn_zc1_2.png (HTTP 0)
[ERRO] Falha ao baixar: /web/common/btn_zc2_1.avif (HTTP 0)
[ERRO] Falha ao baixar: /web/common/btn_zc2_2.avif (HTTP 0)
[ERRO] Falha ao baixar: /web/home/icon_dt_pmd.avif (HTTP 0)
Início do log de download: 2025-12-09 10:36:28

[ERRO] Falha ao baixar: https://dgsdag.lionspgpay.com/siteadmin/skin/lobby_asset/common/common/_sprite/icon_btm_cz.avif (HTTP 403)
[ERRO] Falha ao baixar: https://dgsdag.lionspgpay.com/siteadmin/skin/lobby_asset/common/common/_sprite/icon_btm_sy.avif (HTTP 403)
[ERRO] Falha ao baixar: https://dgsdag.lionspgpay.com/siteadmin/skin/lobby_asset/common/common/_sprite/icon_btm_sy1.avif (HTTP 403)
[ERRO] Falha ao baixar: https://dgsdag.lionspgpay.com/siteadmin/skin/lobby_asset/common/common/_sprite/icon_btm_tg.avif (HTTP 403)
[ERRO] Falha ao baixar: https://dgsdag.lionspgpay.com/siteadmin/skin/lobby_asset/common/common/_sprite/icon_btm_wd.avif (HTTP 403)
[ERRO] Falha ao baixar: https://dgsdag.lionspgpay.com/siteadmin/skin/lobby_asset/common/common/_sprite/icon_btm_wd1.avif (HTTP 403)
[ERRO] Falha ao baixar: https://dgsdag.lionspgpay.com/siteadmin/skin/lobby_asset/common/common/_sprite/icon_btm_yh.avif (HTTP 403)
[ERRO] Falha ao baixar: https://dgsdag.lionspgpay.com/siteadmin/skin/lobby_asset/common/common/_sprite/icon_btm_yh1.avif (HTTP 403)
[ERRO] Falha ao baixar: https://dgsdag.lionspgpay.com/siteadmin/skin/lobby_asset/common/common/_sprite/icon_btm_zc.avif (HTTP 403)
[ERRO] Falha ao baixar: https://dgsdag.lionspgpay.com/siteadmin/skin/lobby_asset/common/common/_sprite/icon_dt_1gg.avif (HTTP 403)
[ERRO] Falha ao baixar: https://dgsdag.lionspgpay.com/siteadmin/skin/lobby_asset/common/common/_sprite/icon_dt_1xx_wd.avif (HTTP 403)
[ERRO] Falha ao baixar: https://dgsdag.lionspgpay.com/siteadmin/skin/lobby_asset/common/common/_sprite/icon_dt_1xx.avif (HTTP 403)
[ERRO] Falha ao baixar: https://dgsdag.lionspgpay.com/siteadmin/skin/lobby_asset/common/common/common/bg_pattern_tile.avif (HTTP 403)
[ERRO] Falha ao baixar: https://dgsdag.lionspgpay.com/siteadmin/skin/lobby_asset/common/web/common/btn_zc1_1.avif (HTTP 403)
[ERRO] Falha ao baixar: https://dgsdag.lionspgpay.com/siteadmin/skin/lobby_asset/common/web/common/btn_zc1_1.webp (HTTP 403)
[ERRO] Falha ao baixar: https://dgsdag.lionspgpay.com/siteadmin/skin/lobby_asset/common/web/common/btn_zc1_2.avif (HTTP 403)
[ERRO] Falha ao baixar: https://dgsdag.lionspgpay.com/siteadmin/skin/lobby_asset/common/web/common/btn_zc1_2.png (HTTP 403)
[ERRO] Falha ao baixar: https://dgsdag.lionspgpay.com/siteadmin/skin/lobby_asset/common/web/common/btn_zc2_1.avif (HTTP 403)
[ERRO] Falha ao baixar: https://dgsdag.lionspgpay.com/siteadmin/skin/lobby_asset/common/web/common/btn_zc2_2.avif (HTTP 403)
[ERRO] Falha ao baixar: https://dgsdag.lionspgpay.com/siteadmin/skin/lobby_asset/common/web/home/icon_dt_pmd.avif (HTTP 403)
Início do log de download: 2025-12-09 10:36:43

[ERRO] Falha ao baixar: https://dfsh.w1-filletpg.com/siteadmin/skin/lobby_asset/2-1-20/common/common/_sprite/icon_btm_cz.avif (HTTP 403)
[ERRO] Falha ao baixar: https://dfsh.w1-filletpg.com/siteadmin/skin/lobby_asset/2-1-20/common/common/_sprite/icon_btm_sy.avif (HTTP 403)
[ERRO] Falha ao baixar: https://dfsh.w1-filletpg.com/siteadmin/skin/lobby_asset/2-1-20/common/common/_sprite/icon_btm_sy1.avif (HTTP 403)
[ERRO] Falha ao baixar: https://dfsh.w1-filletpg.com/siteadmin/skin/lobby_asset/2-1-20/common/common/_sprite/icon_btm_tg.avif (HTTP 403)
[ERRO] Falha ao baixar: https://dfsh.w1-filletpg.com/siteadmin/skin/lobby_asset/2-1-20/common/common/_sprite/icon_btm_wd.avif (HTTP 403)
[ERRO] Falha ao baixar: https://dfsh.w1-filletpg.com/siteadmin/skin/lobby_asset/2-1-20/common/common/_sprite/icon_btm_wd1.avif (HTTP 403)
[ERRO] Falha ao baixar: https://dfsh.w1-filletpg.com/siteadmin/skin/lobby_asset/2-1-20/common/common/_sprite/icon_btm_yh.avif (HTTP 403)
[ERRO] Falha ao baixar: https://dfsh.w1-filletpg.com/siteadmin/skin/lobby_asset/2-1-20/common/common/_sprite/icon_btm_yh1.avif (HTTP 403)
[ERRO] Falha ao baixar: https://dfsh.w1-filletpg.com/siteadmin/skin/lobby_asset/2-1-20/common/common/_sprite/icon_btm_zc.avif (HTTP 403)
[ERRO] Falha ao baixar: https://dfsh.w1-filletpg.com/siteadmin/skin/lobby_asset/2-1-20/common/common/_sprite/icon_dt_1gg.avif (HTTP 403)
[ERRO] Falha ao baixar: https://dfsh.w1-filletpg.com/siteadmin/skin/lobby_asset/2-1-20/common/common/_sprite/icon_dt_1xx_wd.avif (HTTP 403)
[ERRO] Falha ao baixar: https://dfsh.w1-filletpg.com/siteadmin/skin/lobby_asset/2-1-20/common/common/_sprite/icon_dt_1xx.avif (HTTP 403)
[ERRO] Falha ao baixar: https://dfsh.w1-filletpg.com/siteadmin/skin/lobby_asset/2-1-20/common/common/common/bg_pattern_tile.avif (HTTP 403)
[ERRO] Falha ao baixar: https://dfsh.w1-filletpg.com/siteadmin/skin/lobby_asset/2-1-20/common/web/common/btn_zc1_1.avif (HTTP 403)
[ERRO] Falha ao baixar: https://dfsh.w1-filletpg.com/siteadmin/skin/lobby_asset/2-1-20/common/web/common/btn_zc1_1.webp (HTTP 403)
[ERRO] Falha ao baixar: https://dfsh.w1-filletpg.com/siteadmin/skin/lobby_asset/2-1-20/common/web/common/btn_zc1_2.avif (HTTP 403)
[ERRO] Falha ao baixar: https://dfsh.w1-filletpg.com/siteadmin/skin/lobby_asset/2-1-20/common/web/common/btn_zc1_2.png (HTTP 403)
[ERRO] Falha ao baixar: https://dfsh.w1-filletpg.com/siteadmin/skin/lobby_asset/2-1-20/common/web/common/btn_zc2_1.avif (HTTP 403)
[ERRO] Falha ao baixar: https://dfsh.w1-filletpg.com/siteadmin/skin/lobby_asset/2-1-20/common/web/common/btn_zc2_2.avif (HTTP 403)
[ERRO] Falha ao baixar: https://dfsh.w1-filletpg.com/siteadmin/skin/lobby_asset/2-1-20/common/web/home/icon_dt_pmd.avif (HTTP 403)
Início do log de download: 2025-12-22 10:59:01

[ERRO] Falha ao baixar: /common/_sprite/icon_btm_cz.avif (HTTP 0)
[ERRO] Falha ao baixar: /common/_sprite/icon_btm_sy.avif (HTTP 0)
[ERRO] Falha ao baixar: /common/_sprite/icon_btm_sy1.avif (HTTP 0)
[ERRO] Falha ao baixar: /common/_sprite/icon_btm_tg.avif (HTTP 0)
[ERRO] Falha ao baixar: /common/_sprite/icon_btm_wd.avif (HTTP 0)
[ERRO] Falha ao baixar: /common/_sprite/icon_btm_wd1.avif (HTTP 0)
[ERRO] Falha ao baixar: /common/_sprite/icon_btm_yh.avif (HTTP 0)
[ERRO] Falha ao baixar: /common/_sprite/icon_btm_yh1.avif (HTTP 0)
[ERRO] Falha ao baixar: /common/_sprite/icon_btm_zc.avif (HTTP 0)
[ERRO] Falha ao baixar: /common/_sprite/icon_dt_1gg.avif (HTTP 0)
[ERRO] Falha ao baixar: /common/_sprite/icon_dt_1xx_wd.avif (HTTP 0)
[ERRO] Falha ao baixar: /common/_sprite/icon_dt_1xx.avif (HTTP 0)
[ERRO] Falha ao baixar: /common/common/bg_pattern_tile.avif (HTTP 0)
[ERRO] Falha ao baixar: /web/common/btn_zc1_1.avif (HTTP 0)
[ERRO] Falha ao baixar: /web/common/btn_zc1_1.webp (HTTP 0)
[ERRO] Falha ao baixar: /web/common/btn_zc1_2.avif (HTTP 0)
[ERRO] Falha ao baixar: /web/common/btn_zc1_2.png (HTTP 0)
[ERRO] Falha ao baixar: /web/common/btn_zc2_1.avif (HTTP 0)
[ERRO] Falha ao baixar: /web/common/btn_zc2_2.avif (HTTP 0)
[ERRO] Falha ao baixar: /web/home/icon_dt_pmd.avif (HTTP 0)
Início do log de download: 2026-01-01 14:20:45

[ERRO] Falha ao baixar: /common/_sprite/icon_btm_cz.avif (HTTP 0)
[ERRO] Falha ao baixar: /common/_sprite/icon_btm_sy.avif (HTTP 0)
[ERRO] Falha ao baixar: /common/_sprite/icon_btm_sy1.avif (HTTP 0)
[ERRO] Falha ao baixar: /common/_sprite/icon_btm_tg.avif (HTTP 0)
[ERRO] Falha ao baixar: /common/_sprite/icon_btm_wd.avif (HTTP 0)
[ERRO] Falha ao baixar: /common/_sprite/icon_btm_wd1.avif (HTTP 0)
[ERRO] Falha ao baixar: /common/_sprite/icon_btm_yh.avif (HTTP 0)
[ERRO] Falha ao baixar: /common/_sprite/icon_btm_yh1.avif (HTTP 0)
[ERRO] Falha ao baixar: /common/_sprite/icon_btm_zc.avif (HTTP 0)
[ERRO] Falha ao baixar: /common/_sprite/icon_dt_1gg.avif (HTTP 0)
[ERRO] Falha ao baixar: /common/_sprite/icon_dt_1xx_wd.avif (HTTP 0)
[ERRO] Falha ao baixar: /common/_sprite/icon_dt_1xx.avif (HTTP 0)
[ERRO] Falha ao baixar: /common/common/bg_pattern_tile.avif (HTTP 0)
[ERRO] Falha ao baixar: /web/common/btn_zc1_1.avif (HTTP 0)
[ERRO] Falha ao baixar: /web/common/btn_zc1_1.webp (HTTP 0)
[ERRO] Falha ao baixar: /web/common/btn_zc1_2.avif (HTTP 0)
[ERRO] Falha ao baixar: /web/common/btn_zc1_2.png (HTTP 0)
[ERRO] Falha ao baixar: /web/common/btn_zc2_1.avif (HTTP 0)
[ERRO] Falha ao baixar: /web/common/btn_zc2_2.avif (HTTP 0)
[ERRO] Falha ao baixar: /web/home/icon_dt_pmd.avif (HTTP 0)
Início do log de download: 2026-02-22 12:57:03

[ERRO] Falha ao baixar: /common/_sprite/icon_btm_cz.avif (HTTP 0)
[ERRO] Falha ao baixar: /common/_sprite/icon_btm_sy.avif (HTTP 0)
[ERRO] Falha ao baixar: /common/_sprite/icon_btm_sy1.avif (HTTP 0)
[ERRO] Falha ao baixar: /common/_sprite/icon_btm_tg.avif (HTTP 0)
[ERRO] Falha ao baixar: /common/_sprite/icon_btm_wd.avif (HTTP 0)
[ERRO] Falha ao baixar: /common/_sprite/icon_btm_wd1.avif (HTTP 0)
[ERRO] Falha ao baixar: /common/_sprite/icon_btm_yh.avif (HTTP 0)
[ERRO] Falha ao baixar: /common/_sprite/icon_btm_yh1.avif (HTTP 0)
[ERRO] Falha ao baixar: /common/_sprite/icon_btm_zc.avif (HTTP 0)
[ERRO] Falha ao baixar: /common/_sprite/icon_dt_1gg.avif (HTTP 0)
[ERRO] Falha ao baixar: /common/_sprite/icon_dt_1xx_wd.avif (HTTP 0)
[ERRO] Falha ao baixar: /common/_sprite/icon_dt_1xx.avif (HTTP 0)
[ERRO] Falha ao baixar: /common/common/bg_pattern_tile.avif (HTTP 0)
[ERRO] Falha ao baixar: /web/common/btn_zc1_1.avif (HTTP 0)
[ERRO] Falha ao baixar: /web/common/btn_zc1_1.webp (HTTP 0)
[ERRO] Falha ao baixar: /web/common/btn_zc1_2.avif (HTTP 0)
[ERRO] Falha ao baixar: /web/common/btn_zc1_2.png (HTTP 0)
[ERRO] Falha ao baixar: /web/common/btn_zc2_1.avif (HTTP 0)
[ERRO] Falha ao baixar: /web/common/btn_zc2_2.avif (HTTP 0)
[ERRO] Falha ao baixar: /web/home/icon_dt_pmd.avif (HTTP 0)
Início do log de download: 2026-02-25 19:22:37

[ERRO] Falha ao baixar: https://dfsh.w1-filletpg.com/siteadmin/skin/lobby_asset/2-1-20/common/common/_sprite/icon_btm_cz.avif (HTTP 403)
[ERRO] Falha ao baixar: https://dfsh.w1-filletpg.com/siteadmin/skin/lobby_asset/2-1-20/common/common/_sprite/icon_btm_sy.avif (HTTP 403)
[ERRO] Falha ao baixar: https://dfsh.w1-filletpg.com/siteadmin/skin/lobby_asset/2-1-20/common/common/_sprite/icon_btm_sy1.avif (HTTP 403)
[ERRO] Falha ao baixar: https://dfsh.w1-filletpg.com/siteadmin/skin/lobby_asset/2-1-20/common/common/_sprite/icon_btm_tg.avif (HTTP 403)
[ERRO] Falha ao baixar: https://dfsh.w1-filletpg.com/siteadmin/skin/lobby_asset/2-1-20/common/common/_sprite/icon_btm_wd.avif (HTTP 403)
[ERRO] Falha ao baixar: https://dfsh.w1-filletpg.com/siteadmin/skin/lobby_asset/2-1-20/common/common/_sprite/icon_btm_wd1.avif (HTTP 403)
[ERRO] Falha ao baixar: https://dfsh.w1-filletpg.com/siteadmin/skin/lobby_asset/2-1-20/common/common/_sprite/icon_btm_yh.avif (HTTP 403)
[ERRO] Falha ao baixar: https://dfsh.w1-filletpg.com/siteadmin/skin/lobby_asset/2-1-20/common/common/_sprite/icon_btm_yh1.avif (HTTP 403)
[ERRO] Falha ao baixar: https://dfsh.w1-filletpg.com/siteadmin/skin/lobby_asset/2-1-20/common/common/_sprite/icon_btm_zc.avif (HTTP 403)
[ERRO] Falha ao baixar: https://dfsh.w1-filletpg.com/siteadmin/skin/lobby_asset/2-1-20/common/common/_sprite/icon_dt_1gg.avif (HTTP 403)
[ERRO] Falha ao baixar: https://dfsh.w1-filletpg.com/siteadmin/skin/lobby_asset/2-1-20/common/common/_sprite/icon_dt_1xx_wd.avif (HTTP 403)
[ERRO] Falha ao baixar: https://dfsh.w1-filletpg.com/siteadmin/skin/lobby_asset/2-1-20/common/common/_sprite/icon_dt_1xx.avif (HTTP 403)
[ERRO] Falha ao baixar: https://dfsh.w1-filletpg.com/siteadmin/skin/lobby_asset/2-1-20/common/common/common/bg_pattern_tile.avif (HTTP 403)
[ERRO] Falha ao baixar: https://dfsh.w1-filletpg.com/siteadmin/skin/lobby_asset/2-1-20/common/web/common/btn_zc1_1.avif (HTTP 403)
[ERRO] Falha ao baixar: https://dfsh.w1-filletpg.com/siteadmin/skin/lobby_asset/2-1-20/common/web/common/btn_zc1_1.webp (HTTP 403)
[ERRO] Falha ao baixar: https://dfsh.w1-filletpg.com/siteadmin/skin/lobby_asset/2-1-20/common/web/common/btn_zc1_2.avif (HTTP 403)
[ERRO] Falha ao baixar: https://dfsh.w1-filletpg.com/siteadmin/skin/lobby_asset/2-1-20/common/web/common/btn_zc1_2.png (HTTP 403)
[ERRO] Falha ao baixar: https://dfsh.w1-filletpg.com/siteadmin/skin/lobby_asset/2-1-20/common/web/common/btn_zc2_1.avif (HTTP 403)
[ERRO] Falha ao baixar: https://dfsh.w1-filletpg.com/siteadmin/skin/lobby_asset/2-1-20/common/web/common/btn_zc2_2.avif (HTTP 403)
[ERRO] Falha ao baixar: https://dfsh.w1-filletpg.com/siteadmin/skin/lobby_asset/2-1-20/common/web/home/icon_dt_pmd.avif (HTTP 403)
Início do log de download: 2026-03-03 18:03:37

[ERRO] Falha ao baixar: https://opivzzbb.bbzzvip.com/siteadmin/skin/lobby_asset/2-1-2/common/common/_sprite/icon_btm_cz.avif (HTTP 403)
[ERRO] Falha ao baixar: https://opivzzbb.bbzzvip.com/siteadmin/skin/lobby_asset/2-1-2/common/common/_sprite/icon_btm_sy.avif (HTTP 403)
[ERRO] Falha ao baixar: https://opivzzbb.bbzzvip.com/siteadmin/skin/lobby_asset/2-1-2/common/common/_sprite/icon_btm_sy1.avif (HTTP 403)
[ERRO] Falha ao baixar: https://opivzzbb.bbzzvip.com/siteadmin/skin/lobby_asset/2-1-2/common/common/_sprite/icon_btm_tg.avif (HTTP 403)
[ERRO] Falha ao baixar: https://opivzzbb.bbzzvip.com/siteadmin/skin/lobby_asset/2-1-2/common/common/_sprite/icon_btm_wd.avif (HTTP 403)
[ERRO] Falha ao baixar: https://opivzzbb.bbzzvip.com/siteadmin/skin/lobby_asset/2-1-2/common/common/_sprite/icon_btm_wd1.avif (HTTP 403)
[ERRO] Falha ao baixar: https://opivzzbb.bbzzvip.com/siteadmin/skin/lobby_asset/2-1-2/common/common/_sprite/icon_btm_yh.avif (HTTP 403)
[ERRO] Falha ao baixar: https://opivzzbb.bbzzvip.com/siteadmin/skin/lobby_asset/2-1-2/common/common/_sprite/icon_btm_yh1.avif (HTTP 403)
[ERRO] Falha ao baixar: https://opivzzbb.bbzzvip.com/siteadmin/skin/lobby_asset/2-1-2/common/common/_sprite/icon_btm_zc.avif (HTTP 403)
[ERRO] Falha ao baixar: https://opivzzbb.bbzzvip.com/siteadmin/skin/lobby_asset/2-1-2/common/common/_sprite/icon_dt_1gg.avif (HTTP 403)
[ERRO] Falha ao baixar: https://opivzzbb.bbzzvip.com/siteadmin/skin/lobby_asset/2-1-2/common/common/_sprite/icon_dt_1xx_wd.avif (HTTP 403)
[ERRO] Falha ao baixar: https://opivzzbb.bbzzvip.com/siteadmin/skin/lobby_asset/2-1-2/common/common/_sprite/icon_dt_1xx.avif (HTTP 403)
[ERRO] Falha ao baixar: https://opivzzbb.bbzzvip.com/siteadmin/skin/lobby_asset/2-1-2/common/common/common/bg_pattern_tile.avif (HTTP 403)
[ERRO] Falha ao baixar: https://opivzzbb.bbzzvip.com/siteadmin/skin/lobby_asset/2-1-2/common/web/common/btn_zc1_1.avif (HTTP 403)
[ERRO] Falha ao baixar: https://opivzzbb.bbzzvip.com/siteadmin/skin/lobby_asset/2-1-2/common/web/common/btn_zc1_1.webp (HTTP 403)
[ERRO] Falha ao baixar: https://opivzzbb.bbzzvip.com/siteadmin/skin/lobby_asset/2-1-2/common/web/common/btn_zc1_2.avif (HTTP 403)
[ERRO] Falha ao baixar: https://opivzzbb.bbzzvip.com/siteadmin/skin/lobby_asset/2-1-2/common/web/common/btn_zc1_2.png (HTTP 403)
[ERRO] Falha ao baixar: https://opivzzbb.bbzzvip.com/siteadmin/skin/lobby_asset/2-1-2/common/web/common/btn_zc2_1.avif (HTTP 403)
[ERRO] Falha ao baixar: https://opivzzbb.bbzzvip.com/siteadmin/skin/lobby_asset/2-1-2/common/web/common/btn_zc2_2.avif (HTTP 403)
[ERRO] Falha ao baixar: https://opivzzbb.bbzzvip.com/siteadmin/skin/lobby_asset/2-1-2/common/web/home/icon_dt_pmd.avif (HTTP 403)
Início do log de download: 2026-03-03 18:04:08

[ERRO] Falha ao baixar: https://dfsh.w1-filletpg.com/siteadmin/skin/lobby_asset/2-1-20/common/common/_sprite/icon_btm_cz.avif (HTTP 403)
[ERRO] Falha ao baixar: https://dfsh.w1-filletpg.com/siteadmin/skin/lobby_asset/2-1-20/common/common/_sprite/icon_btm_sy.avif (HTTP 403)
[ERRO] Falha ao baixar: https://dfsh.w1-filletpg.com/siteadmin/skin/lobby_asset/2-1-20/common/common/_sprite/icon_btm_sy1.avif (HTTP 403)
[ERRO] Falha ao baixar: https://dfsh.w1-filletpg.com/siteadmin/skin/lobby_asset/2-1-20/common/common/_sprite/icon_btm_tg.avif (HTTP 403)
[ERRO] Falha ao baixar: https://dfsh.w1-filletpg.com/siteadmin/skin/lobby_asset/2-1-20/common/common/_sprite/icon_btm_wd.avif (HTTP 403)
[ERRO] Falha ao baixar: https://dfsh.w1-filletpg.com/siteadmin/skin/lobby_asset/2-1-20/common/common/_sprite/icon_btm_wd1.avif (HTTP 403)
[ERRO] Falha ao baixar: https://dfsh.w1-filletpg.com/siteadmin/skin/lobby_asset/2-1-20/common/common/_sprite/icon_btm_yh.avif (HTTP 403)
[ERRO] Falha ao baixar: https://dfsh.w1-filletpg.com/siteadmin/skin/lobby_asset/2-1-20/common/common/_sprite/icon_btm_yh1.avif (HTTP 403)
[ERRO] Falha ao baixar: https://dfsh.w1-filletpg.com/siteadmin/skin/lobby_asset/2-1-20/common/common/_sprite/icon_btm_zc.avif (HTTP 403)
[ERRO] Falha ao baixar: https://dfsh.w1-filletpg.com/siteadmin/skin/lobby_asset/2-1-20/common/common/_sprite/icon_dt_1gg.avif (HTTP 403)
[ERRO] Falha ao baixar: https://dfsh.w1-filletpg.com/siteadmin/skin/lobby_asset/2-1-20/common/common/_sprite/icon_dt_1xx_wd.avif (HTTP 403)
[ERRO] Falha ao baixar: https://dfsh.w1-filletpg.com/siteadmin/skin/lobby_asset/2-1-20/common/common/_sprite/icon_dt_1xx.avif (HTTP 403)
[ERRO] Falha ao baixar: https://dfsh.w1-filletpg.com/siteadmin/skin/lobby_asset/2-1-20/common/common/common/bg_pattern_tile.avif (HTTP 403)
[ERRO] Falha ao baixar: https://dfsh.w1-filletpg.com/siteadmin/skin/lobby_asset/2-1-20/common/web/common/btn_zc1_1.avif (HTTP 403)
[ERRO] Falha ao baixar: https://dfsh.w1-filletpg.com/siteadmin/skin/lobby_asset/2-1-20/common/web/common/btn_zc1_1.webp (HTTP 403)
[ERRO] Falha ao baixar: https://dfsh.w1-filletpg.com/siteadmin/skin/lobby_asset/2-1-20/common/web/common/btn_zc1_2.avif (HTTP 403)
[ERRO] Falha ao baixar: https://dfsh.w1-filletpg.com/siteadmin/skin/lobby_asset/2-1-20/common/web/common/btn_zc1_2.png (HTTP 403)
[ERRO] Falha ao baixar: https://dfsh.w1-filletpg.com/siteadmin/skin/lobby_asset/2-1-20/common/web/common/btn_zc2_1.avif (HTTP 403)
[ERRO] Falha ao baixar: https://dfsh.w1-filletpg.com/siteadmin/skin/lobby_asset/2-1-20/common/web/common/btn_zc2_2.avif (HTTP 403)
[ERRO] Falha ao baixar: https://dfsh.w1-filletpg.com/siteadmin/skin/lobby_asset/2-1-20/common/web/home/icon_dt_pmd.avif (HTTP 403)
Início do log de download: 2026-03-03 18:36:50

[OK] Baixado: https://gadsgads.saxpgapp.com/siteadmin/skin/lobby_asset/2-1-12/common/_sprite/icon_btm_cz.avif
[OK] Baixado: https://gadsgads.saxpgapp.com/siteadmin/skin/lobby_asset/2-1-12/common/_sprite/icon_btm_sy.avif
[OK] Baixado: https://gadsgads.saxpgapp.com/siteadmin/skin/lobby_asset/2-1-12/common/_sprite/icon_btm_sy1.avif
[OK] Baixado: https://gadsgads.saxpgapp.com/siteadmin/skin/lobby_asset/2-1-12/common/_sprite/icon_btm_tg.avif
[OK] Baixado: https://gadsgads.saxpgapp.com/siteadmin/skin/lobby_asset/2-1-12/common/_sprite/icon_btm_wd.avif
[OK] Baixado: https://gadsgads.saxpgapp.com/siteadmin/skin/lobby_asset/2-1-12/common/_sprite/icon_btm_wd1.avif
[OK] Baixado: https://gadsgads.saxpgapp.com/siteadmin/skin/lobby_asset/2-1-12/common/_sprite/icon_btm_yh.avif
[OK] Baixado: https://gadsgads.saxpgapp.com/siteadmin/skin/lobby_asset/2-1-12/common/_sprite/icon_btm_yh1.avif
[OK] Baixado: https://gadsgads.saxpgapp.com/siteadmin/skin/lobby_asset/2-1-12/common/_sprite/icon_btm_zc.avif
[OK] Baixado: https://gadsgads.saxpgapp.com/siteadmin/skin/lobby_asset/2-1-12/common/_sprite/icon_dt_1gg.avif
[OK] Baixado: https://gadsgads.saxpgapp.com/siteadmin/skin/lobby_asset/2-1-12/common/_sprite/icon_dt_1xx_wd.avif
[OK] Baixado: https://gadsgads.saxpgapp.com/siteadmin/skin/lobby_asset/2-1-12/common/_sprite/icon_dt_1xx.avif
[OK] Baixado: https://gadsgads.saxpgapp.com/siteadmin/skin/lobby_asset/2-1-12/common/common/bg_pattern_tile.avif
[OK] Baixado: https://gadsgads.saxpgapp.com/siteadmin/skin/lobby_asset/2-1-12/web/common/btn_zc1_1.avif
[OK] Baixado: https://gadsgads.saxpgapp.com/siteadmin/skin/lobby_asset/2-1-12/web/common/btn_zc1_1.webp
[OK] Baixado: https://gadsgads.saxpgapp.com/siteadmin/skin/lobby_asset/2-1-12/web/common/btn_zc1_2.avif
[OK] Baixado: https://gadsgads.saxpgapp.com/siteadmin/skin/lobby_asset/2-1-12/web/common/btn_zc1_2.png
[OK] Baixado: https://gadsgads.saxpgapp.com/siteadmin/skin/lobby_asset/2-1-12/web/common/btn_zc2_1.avif
[OK] Baixado: https://gadsgads.saxpgapp.com/siteadmin/skin/lobby_asset/2-1-12/web/common/btn_zc2_2.avif
[OK] Baixado: https://gadsgads.saxpgapp.com/siteadmin/skin/lobby_asset/2-1-12/web/home/icon_dt_pmd.avif
Início do log de download: 2026-03-03 18:48:02

[ERRO] Falha ao baixar: https://dfsh.w1-filletpg.com/siteadmin/skin/lobby_asset/2-1-20/common/common/_sprite/icon_btm_cz.avif (HTTP 403)
[ERRO] Falha ao baixar: https://dfsh.w1-filletpg.com/siteadmin/skin/lobby_asset/2-1-20/common/common/_sprite/icon_btm_sy.avif (HTTP 403)
[ERRO] Falha ao baixar: https://dfsh.w1-filletpg.com/siteadmin/skin/lobby_asset/2-1-20/common/common/_sprite/icon_btm_sy1.avif (HTTP 403)
[ERRO] Falha ao baixar: https://dfsh.w1-filletpg.com/siteadmin/skin/lobby_asset/2-1-20/common/common/_sprite/icon_btm_tg.avif (HTTP 403)
[ERRO] Falha ao baixar: https://dfsh.w1-filletpg.com/siteadmin/skin/lobby_asset/2-1-20/common/common/_sprite/icon_btm_wd.avif (HTTP 403)
[ERRO] Falha ao baixar: https://dfsh.w1-filletpg.com/siteadmin/skin/lobby_asset/2-1-20/common/common/_sprite/icon_btm_wd1.avif (HTTP 403)
[ERRO] Falha ao baixar: https://dfsh.w1-filletpg.com/siteadmin/skin/lobby_asset/2-1-20/common/common/_sprite/icon_btm_yh.avif (HTTP 403)
[ERRO] Falha ao baixar: https://dfsh.w1-filletpg.com/siteadmin/skin/lobby_asset/2-1-20/common/common/_sprite/icon_btm_yh1.avif (HTTP 403)
[ERRO] Falha ao baixar: https://dfsh.w1-filletpg.com/siteadmin/skin/lobby_asset/2-1-20/common/common/_sprite/icon_btm_zc.avif (HTTP 403)
[ERRO] Falha ao baixar: https://dfsh.w1-filletpg.com/siteadmin/skin/lobby_asset/2-1-20/common/common/_sprite/icon_dt_1gg.avif (HTTP 403)
[ERRO] Falha ao baixar: https://dfsh.w1-filletpg.com/siteadmin/skin/lobby_asset/2-1-20/common/common/_sprite/icon_dt_1xx_wd.avif (HTTP 403)
[ERRO] Falha ao baixar: https://dfsh.w1-filletpg.com/siteadmin/skin/lobby_asset/2-1-20/common/common/_sprite/icon_dt_1xx.avif (HTTP 403)
[ERRO] Falha ao baixar: https://dfsh.w1-filletpg.com/siteadmin/skin/lobby_asset/2-1-20/common/common/common/bg_pattern_tile.avif (HTTP 403)
[ERRO] Falha ao baixar: https://dfsh.w1-filletpg.com/siteadmin/skin/lobby_asset/2-1-20/common/web/common/btn_zc1_1.avif (HTTP 403)
[ERRO] Falha ao baixar: https://dfsh.w1-filletpg.com/siteadmin/skin/lobby_asset/2-1-20/common/web/common/btn_zc1_1.webp (HTTP 403)
[ERRO] Falha ao baixar: https://dfsh.w1-filletpg.com/siteadmin/skin/lobby_asset/2-1-20/common/web/common/btn_zc1_2.avif (HTTP 403)
[ERRO] Falha ao baixar: https://dfsh.w1-filletpg.com/siteadmin/skin/lobby_asset/2-1-20/common/web/common/btn_zc1_2.png (HTTP 403)
[ERRO] Falha ao baixar: https://dfsh.w1-filletpg.com/siteadmin/skin/lobby_asset/2-1-20/common/web/common/btn_zc2_1.avif (HTTP 403)
[ERRO] Falha ao baixar: https://dfsh.w1-filletpg.com/siteadmin/skin/lobby_asset/2-1-20/common/web/common/btn_zc2_2.avif (HTTP 403)
[ERRO] Falha ao baixar: https://dfsh.w1-filletpg.com/siteadmin/skin/lobby_asset/2-1-20/common/web/home/icon_dt_pmd.avif (HTTP 403)
